2024-02-17 19:43:43.526 [info] Log level: Info
2024-02-17 19:43:43.526 [info] Validating found git in: "git"
2024-02-17 19:43:43.526 [info] Using git "2.43.0" from "git"
2024-02-17 19:43:43.526 [info] > git rev-parse --show-toplevel [5ms]
2024-02-17 19:43:43.526 [info] > git rev-parse --git-dir --git-common-dir [3ms]
2024-02-17 19:43:43.526 [info] Open repository: /workspace/project
2024-02-17 19:43:43.526 [info] > git config --get commit.template [12ms]
2024-02-17 19:43:43.526 [info] > git rev-parse --show-toplevel [3ms]
2024-02-17 19:43:43.526 [info] > git rev-parse --show-toplevel [1ms]
2024-02-17 19:43:43.526 [info] > git for-each-ref --format=%(refname)%00%(upstream:short)%00%(objectname)%00%(upstream:track)%00%(upstream:remotename)%00%(upstream:remoteref) refs/heads/main refs/remotes/main [14ms]
2024-02-17 19:43:43.526 [warning] ENOENT: no such file or directory, open '/workspace/project/.git/refs/remotes/origin/main'
2024-02-17 19:43:43.526 [info] > git rev-parse refs/remotes/origin/main [1ms]
2024-02-17 19:43:43.526 [info] > git status -z -uall [12ms]
2024-02-17 19:43:43.526 [info] > git config --get commit.template [1ms]
2024-02-17 19:43:43.526 [info] > git for-each-ref --format=%(refname)%00%(upstream:short)%00%(objectname)%00%(upstream:track)%00%(upstream:remotename)%00%(upstream:remoteref) refs/heads/main refs/remotes/main [3ms]
2024-02-17 19:43:43.526 [warning] ENOENT: no such file or directory, open '/workspace/project/.git/refs/remotes/origin/main'
2024-02-17 19:43:43.526 [info] > git rev-parse refs/remotes/origin/main [11ms]
2024-02-17 19:43:43.526 [info] > git status -z -uall [2ms]
2024-02-17 19:43:44.793 [info] > git config --get commit.template [9ms]
2024-02-17 19:43:44.794 [info] > git for-each-ref --format=%(refname)%00%(upstream:short)%00%(objectname)%00%(upstream:track)%00%(upstream:remotename)%00%(upstream:remoteref) refs/heads/main refs/remotes/main [1ms]
2024-02-17 19:43:44.800 [warning] ENOENT: no such file or directory, open '/workspace/project/.git/refs/remotes/origin/main'
2024-02-17 19:43:44.801 [info] > git rev-parse refs/remotes/origin/main [1ms]
2024-02-17 19:43:44.809 [info] > git status -z -uall [1ms]
2024-02-17 19:43:44.871 [info] > git config --local branch.main.github-pr-owner-number [1ms]
2024-02-17 19:43:44.871 [warning] git config failed: Failed to execute git
