2024-02-20 04:09:32.872 [info] Extension host with pid 460 started
2024-02-20 04:09:32.872 [error] Error: EEXIST: file already exists, open '/workspace/.vscode-remote/data/User/workspaceStorage/5966c93f/vscode.lock'
2024-02-20 04:09:32.880 [info] Lock '/workspace/.vscode-remote/data/User/workspaceStorage/5966c93f/vscode.lock': Lock acquired.
2024-02-20 04:09:32.991 [info] ExtensionService#_doActivateExtension gitpod.gitpod-web, startup: false, activationEvent: 'onAuthenticationRequest:gitpod'
2024-02-20 04:09:33.372 [info] ExtensionService#_doActivateExtension vscode.git-base, startup: true, activationEvent: '*', root cause: vscode.git
2024-02-20 04:09:33.489 [info] ExtensionService#_doActivateExtension vscode.git, startup: true, activationEvent: '*'
2024-02-20 04:09:33.489 [info] ExtensionService#_doActivateExtension vscode.github, startup: true, activationEvent: '*'
2024-02-20 04:09:33.707 [info] Eager extensions activated
2024-02-20 04:09:33.707 [info] ExtensionService#_doActivateExtension vscode.debug-auto-launch, startup: false, activationEvent: 'onStartupFinished'
2024-02-20 04:09:33.707 [info] ExtensionService#_doActivateExtension vscode.merge-conflict, startup: false, activationEvent: 'onStartupFinished'
2024-02-20 04:09:33.708 [info] ExtensionService#_doActivateExtension vscode.github-authentication, startup: false, activationEvent: 'onStartupFinished', root cause: GitHub.vscode-pull-request-github
2024-02-20 04:09:33.794 [info] ExtensionService#_doActivateExtension redhat.vscode-yaml, startup: false, activationEvent: 'onLanguage:yaml'
2024-02-20 04:09:33.795 [info] ExtensionService#_doActivateExtension vscode.emmet, startup: false, activationEvent: 'onLanguage'
2024-02-20 04:09:34.021 [info] ExtensionService#_doActivateExtension GitHub.vscode-pull-request-github, startup: false, activationEvent: 'onStartupFinished'
2024-02-20 04:09:34.447 [warning] [redhat.vscode-yaml] Accessing a resource scoped configuration without providing a resource is not expected. To get the effective value for '[yaml]', provide the URI of a resource or 'null' for any resource.
2024-02-20 04:09:34.448 [warning] [redhat.vscode-yaml] Accessing a resource scoped configuration without providing a resource is not expected. To get the effective value for '[yaml]', provide the URI of a resource or 'null' for any resource.
2024-02-20 04:09:34.772 [info] ExtensionService#_doActivateExtension vscode.json-language-features, startup: false, activationEvent: 'onLanguage:jsonc'
2024-02-20 04:09:34.772 [info] ExtensionService#_doActivateExtension vscode.typescript-language-features, startup: false, activationEvent: 'onLanguage:jsonc'
2024-02-20 04:09:44.187 [info] ExtensionService#_doActivateExtension CodeRoad.coderoad, startup: false, activationEvent: 'onCommand:coderoad.start'
2024-02-20 04:10:02.501 [info] Extension host terminating: received terminate message from renderer
2024-02-20 04:10:02.502 [info] Lock '/workspace/.vscode-remote/data/User/workspaceStorage/5966c93f/vscode.lock': Marking the lockfile as scheduled to be released in 6000 ms.
2024-02-20 04:10:02.522 [error] Canceled: Canceled
	at new f (/ide/out/vs/workbench/api/node/extensionHostProcess.js:140:45069)
	at d.U (/ide/out/vs/workbench/api/node/extensionHostProcess.js:147:5557)
	at T.<computed>.O.charCodeAt.T.<computed> (/ide/out/vs/workbench/api/node/extensionHostProcess.js:147:3008)
	at s.g (/ide/out/vs/workbench/api/node/extensionHostProcess.js:150:174703)
	at s.executeCommand (/ide/out/vs/workbench/api/node/extensionHostProcess.js:150:174141)
	at m.registerCommand.description (/ide/out/vs/workbench/api/node/extensionHostProcess.js:150:173465)
	at s.h (/ide/out/vs/workbench/api/node/extensionHostProcess.js:150:175242)
	at s.g (/ide/out/vs/workbench/api/node/extensionHostProcess.js:150:174234)
	at s.executeCommand (/ide/out/vs/workbench/api/node/extensionHostProcess.js:150:174141)
	at Object.executeCommand (/ide/out/vs/workbench/api/node/extensionHostProcess.js:160:21633)
	at g.I [as value] (/ide/extensions/git/dist/main.js:2:927298)
	at r.y (/ide/out/vs/workbench/api/node/extensionHostProcess.js:80:1902)
	at r.z (/ide/out/vs/workbench/api/node/extensionHostProcess.js:80:1972)
	at r.fire (/ide/out/vs/workbench/api/node/extensionHostProcess.js:80:2188)
	at Object.m [as dispose] (/ide/extensions/git/dist/main.js:2:943089)
	at /ide/extensions/git/dist/main.js:2:947930
	at Array.forEach (<anonymous>)
	at p.dispose (/ide/extensions/git/dist/main.js:2:947916)
	at c.<anonymous> (/ide/out/vs/workbench/api/node/extensionHostProcess.js:148:3650)
	at c.dispose (/ide/out/vs/workbench/api/node/extensionHostProcess.js:148:3747)
	at c.<anonymous> (/ide/extensions/git/dist/main.js:2:929310)
	at c.dispose (/ide/out/vs/workbench/api/node/extensionHostProcess.js:148:3747)
	at o (/ide/out/vs/workbench/api/node/extensionHostProcess.js:30:754)
	at g.cb (/ide/out/vs/workbench/api/node/extensionHostProcess.js:156:9873)
	at /ide/out/vs/workbench/api/node/extensionHostProcess.js:156:7807
	at Array.map (<anonymous>)
	at g.Y (/ide/out/vs/workbench/api/node/extensionHostProcess.js:156:7794)
	at g.terminate (/ide/out/vs/workbench/api/node/extensionHostProcess.js:156:8067)
	at o.terminate (/ide/out/vs/workbench/api/node/extensionHostProcess.js:160:1513)
	at t (/ide/out/vs/workbench/api/node/extensionHostProcess.js:173:9950)
	at g.value (/ide/out/vs/workbench/api/node/extensionHostProcess.js:173:7997)
	at r.y (/ide/out/vs/workbench/api/node/extensionHostProcess.js:80:1902)
	at r.fire (/ide/out/vs/workbench/api/node/extensionHostProcess.js:80:2119)
	at n.fire (/ide/out/vs/workbench/api/node/extensionHostProcess.js:105:14073)
	at s.z (/ide/out/vs/workbench/api/node/extensionHostProcess.js:105:17138)
	at g.value (/ide/out/vs/workbench/api/node/extensionHostProcess.js:105:15590)
	at r.y (/ide/out/vs/workbench/api/node/extensionHostProcess.js:80:1902)
	at r.fire (/ide/out/vs/workbench/api/node/extensionHostProcess.js:80:2119)
	at g.acceptChunk (/ide/out/vs/workbench/api/node/extensionHostProcess.js:105:11847)
	at g.value (/ide/out/vs/workbench/api/node/extensionHostProcess.js:105:11134)
	at r.y (/ide/out/vs/workbench/api/node/extensionHostProcess.js:80:1902)
	at r.fire (/ide/out/vs/workbench/api/node/extensionHostProcess.js:80:2119)
	at r.z (/ide/out/vs/workbench/api/node/extensionHostProcess.js:170:19747) setContext undefined
2024-02-20 04:10:02.524 [error] Canceled: Canceled
	at new f (/ide/out/vs/workbench/api/node/extensionHostProcess.js:140:45069)
	at d.U (/ide/out/vs/workbench/api/node/extensionHostProcess.js:147:5557)
	at T.<computed>.O.charCodeAt.T.<computed> (/ide/out/vs/workbench/api/node/extensionHostProcess.js:147:3008)
	at s.g (/ide/out/vs/workbench/api/node/extensionHostProcess.js:150:174703)
	at s.executeCommand (/ide/out/vs/workbench/api/node/extensionHostProcess.js:150:174141)
	at m.registerCommand.description (/ide/out/vs/workbench/api/node/extensionHostProcess.js:150:173465)
	at s.h (/ide/out/vs/workbench/api/node/extensionHostProcess.js:150:175242)
	at s.g (/ide/out/vs/workbench/api/node/extensionHostProcess.js:150:174234)
	at s.executeCommand (/ide/out/vs/workbench/api/node/extensionHostProcess.js:150:174141)
	at Object.executeCommand (/ide/out/vs/workbench/api/node/extensionHostProcess.js:160:21633)
	at set b [as b] (/ide/extensions/github/dist/extension.js:2:322364)
	at /ide/extensions/github/dist/extension.js:2:323005
	at g.value (/ide/extensions/git/dist/main.js:2:1018251)
	at r.y (/ide/out/vs/workbench/api/node/extensionHostProcess.js:80:1902)
	at r.z (/ide/out/vs/workbench/api/node/extensionHostProcess.js:80:1972)
	at r.fire (/ide/out/vs/workbench/api/node/extensionHostProcess.js:80:2188)
	at Object.m [as dispose] (/ide/extensions/git/dist/main.js:2:943089)
	at /ide/extensions/git/dist/main.js:2:947930
	at Array.forEach (<anonymous>)
	at p.dispose (/ide/extensions/git/dist/main.js:2:947916)
	at c.<anonymous> (/ide/out/vs/workbench/api/node/extensionHostProcess.js:148:3650)
	at c.dispose (/ide/out/vs/workbench/api/node/extensionHostProcess.js:148:3747)
	at c.<anonymous> (/ide/extensions/git/dist/main.js:2:929310)
	at c.dispose (/ide/out/vs/workbench/api/node/extensionHostProcess.js:148:3747)
	at o (/ide/out/vs/workbench/api/node/extensionHostProcess.js:30:754)
	at g.cb (/ide/out/vs/workbench/api/node/extensionHostProcess.js:156:9873)
	at /ide/out/vs/workbench/api/node/extensionHostProcess.js:156:7807
	at Array.map (<anonymous>)
	at g.Y (/ide/out/vs/workbench/api/node/extensionHostProcess.js:156:7794)
	at g.terminate (/ide/out/vs/workbench/api/node/extensionHostProcess.js:156:8067)
	at o.terminate (/ide/out/vs/workbench/api/node/extensionHostProcess.js:160:1513)
	at t (/ide/out/vs/workbench/api/node/extensionHostProcess.js:173:9950)
	at g.value (/ide/out/vs/workbench/api/node/extensionHostProcess.js:173:7997)
	at r.y (/ide/out/vs/workbench/api/node/extensionHostProcess.js:80:1902)
	at r.fire (/ide/out/vs/workbench/api/node/extensionHostProcess.js:80:2119)
	at n.fire (/ide/out/vs/workbench/api/node/extensionHostProcess.js:105:14073)
	at s.z (/ide/out/vs/workbench/api/node/extensionHostProcess.js:105:17138)
	at g.value (/ide/out/vs/workbench/api/node/extensionHostProcess.js:105:15590)
	at r.y (/ide/out/vs/workbench/api/node/extensionHostProcess.js:80:1902)
	at r.fire (/ide/out/vs/workbench/api/node/extensionHostProcess.js:80:2119)
	at g.acceptChunk (/ide/out/vs/workbench/api/node/extensionHostProcess.js:105:11847)
	at g.value (/ide/out/vs/workbench/api/node/extensionHostProcess.js:105:11134)
	at r.y (/ide/out/vs/workbench/api/node/extensionHostProcess.js:80:1902)
	at r.fire (/ide/out/vs/workbench/api/node/extensionHostProcess.js:80:2119)
	at r.z (/ide/out/vs/workbench/api/node/extensionHostProcess.js:170:19747) setContext undefined
2024-02-20 04:10:02.527 [error] Canceled: Canceled
	at new f (/ide/out/vs/workbench/api/node/extensionHostProcess.js:140:45069)
	at d.U (/ide/out/vs/workbench/api/node/extensionHostProcess.js:147:5557)
	at T.<computed>.O.charCodeAt.T.<computed> (/ide/out/vs/workbench/api/node/extensionHostProcess.js:147:3008)
	at s.g (/ide/out/vs/workbench/api/node/extensionHostProcess.js:150:174703)
	at s.executeCommand (/ide/out/vs/workbench/api/node/extensionHostProcess.js:150:174141)
	at m.registerCommand.description (/ide/out/vs/workbench/api/node/extensionHostProcess.js:150:173465)
	at s.h (/ide/out/vs/workbench/api/node/extensionHostProcess.js:150:175242)
	at s.g (/ide/out/vs/workbench/api/node/extensionHostProcess.js:150:174234)
	at s.executeCommand (/ide/out/vs/workbench/api/node/extensionHostProcess.js:150:174141)
	at Object.executeCommand (/ide/out/vs/workbench/api/node/extensionHostProcess.js:160:21633)
	at e (/workspace/.vscode-remote/extensions/github.vscode-pull-request-github-0.80.1-universal/dist/extension.js:1948:1467)
	at Object.n [as setContext] (/workspace/.vscode-remote/extensions/github.vscode-pull-request-github-0.80.1-universal/dist/extension.js:1948:1582)
	at Lp.updateActiveReviewCount (/workspace/.vscode-remote/extensions/github.vscode-pull-request-github-0.80.1-universal/dist/extension.js:2008:22909)
	at Lp.removeRepo (/workspace/.vscode-remote/extensions/github.vscode-pull-request-github-0.80.1-universal/dist/extension.js:2008:24054)
	at g.value (/workspace/.vscode-remote/extensions/github.vscode-pull-request-github-0.80.1-universal/dist/extension.js:2120:4217)
	at r.y (/ide/out/vs/workbench/api/node/extensionHostProcess.js:80:1902)
	at r.z (/ide/out/vs/workbench/api/node/extensionHostProcess.js:80:1972)
	at r.fire (/ide/out/vs/workbench/api/node/extensionHostProcess.js:80:2188)
	at g.value (/workspace/.vscode-remote/extensions/github.vscode-pull-request-github-0.80.1-universal/dist/extension.js:1916:446993)
	at r.y (/ide/out/vs/workbench/api/node/extensionHostProcess.js:80:1902)
	at r.fire (/ide/out/vs/workbench/api/node/extensionHostProcess.js:80:2119)
	at /workspace/.vscode-remote/extensions/github.vscode-pull-request-github-0.80.1-universal/dist/extension.js:2008:27770
	at g.value (/ide/extensions/git/dist/main.js:2:1018251)
	at r.y (/ide/out/vs/workbench/api/node/extensionHostProcess.js:80:1902)
	at r.z (/ide/out/vs/workbench/api/node/extensionHostProcess.js:80:1972)
	at r.fire (/ide/out/vs/workbench/api/node/extensionHostProcess.js:80:2188)
	at Object.m [as dispose] (/ide/extensions/git/dist/main.js:2:943089)
	at /ide/extensions/git/dist/main.js:2:947930
	at Array.forEach (<anonymous>)
	at p.dispose (/ide/extensions/git/dist/main.js:2:947916)
	at c.<anonymous> (/ide/out/vs/workbench/api/node/extensionHostProcess.js:148:3650)
	at c.dispose (/ide/out/vs/workbench/api/node/extensionHostProcess.js:148:3747)
	at c.<anonymous> (/ide/extensions/git/dist/main.js:2:929310)
	at c.dispose (/ide/out/vs/workbench/api/node/extensionHostProcess.js:148:3747)
	at o (/ide/out/vs/workbench/api/node/extensionHostProcess.js:30:754)
	at g.cb (/ide/out/vs/workbench/api/node/extensionHostProcess.js:156:9873)
	at /ide/out/vs/workbench/api/node/extensionHostProcess.js:156:7807
	at Array.map (<anonymous>)
	at g.Y (/ide/out/vs/workbench/api/node/extensionHostProcess.js:156:7794)
	at g.terminate (/ide/out/vs/workbench/api/node/extensionHostProcess.js:156:8067)
	at o.terminate (/ide/out/vs/workbench/api/node/extensionHostProcess.js:160:1513)
	at t (/ide/out/vs/workbench/api/node/extensionHostProcess.js:173:9950)
	at g.value (/ide/out/vs/workbench/api/node/extensionHostProcess.js:173:7997)
	at r.y (/ide/out/vs/workbench/api/node/extensionHostProcess.js:80:1902)
	at r.fire (/ide/out/vs/workbench/api/node/extensionHostProcess.js:80:2119)
	at n.fire (/ide/out/vs/workbench/api/node/extensionHostProcess.js:105:14073)
	at s.z (/ide/out/vs/workbench/api/node/extensionHostProcess.js:105:17138)
	at g.value (/ide/out/vs/workbench/api/node/extensionHostProcess.js:105:15590)
	at r.y (/ide/out/vs/workbench/api/node/extensionHostProcess.js:80:1902)
	at r.fire (/ide/out/vs/workbench/api/node/extensionHostProcess.js:80:2119)
	at g.acceptChunk (/ide/out/vs/workbench/api/node/extensionHostProcess.js:105:11847)
	at g.value (/ide/out/vs/workbench/api/node/extensionHostProcess.js:105:11134)
	at r.y (/ide/out/vs/workbench/api/node/extensionHostProcess.js:80:1902)
	at r.fire (/ide/out/vs/workbench/api/node/extensionHostProcess.js:80:2119)
	at r.z (/ide/out/vs/workbench/api/node/extensionHostProcess.js:170:19747) setContext undefined
2024-02-20 04:10:02.528 [error] Canceled: Canceled
	at new f (/ide/out/vs/workbench/api/node/extensionHostProcess.js:140:45069)
	at d.U (/ide/out/vs/workbench/api/node/extensionHostProcess.js:147:5557)
	at T.<computed>.O.charCodeAt.T.<computed> (/ide/out/vs/workbench/api/node/extensionHostProcess.js:147:3008)
	at s.g (/ide/out/vs/workbench/api/node/extensionHostProcess.js:150:174703)
	at s.executeCommand (/ide/out/vs/workbench/api/node/extensionHostProcess.js:150:174141)
	at m.registerCommand.description (/ide/out/vs/workbench/api/node/extensionHostProcess.js:150:173465)
	at s.h (/ide/out/vs/workbench/api/node/extensionHostProcess.js:150:175242)
	at s.g (/ide/out/vs/workbench/api/node/extensionHostProcess.js:150:174234)
	at s.executeCommand (/ide/out/vs/workbench/api/node/extensionHostProcess.js:150:174141)
	at Object.executeCommand (/ide/out/vs/workbench/api/node/extensionHostProcess.js:160:21633)
	at e (/workspace/.vscode-remote/extensions/github.vscode-pull-request-github-0.80.1-universal/dist/extension.js:1948:1467)
	at Object.n [as setContext] (/workspace/.vscode-remote/extensions/github.vscode-pull-request-github-0.80.1-universal/dist/extension.js:1948:1582)
	at Nm.setReviewModeContexts (/workspace/.vscode-remote/extensions/github.vscode-pull-request-github-0.80.1-universal/dist/extension.js:2107:14107)
	at Nm.removePrFromView (/workspace/.vscode-remote/extensions/github.vscode-pull-request-github-0.80.1-universal/dist/extension.js:2107:14734)
	at Gc.clear (/workspace/.vscode-remote/extensions/github.vscode-pull-request-github-0.80.1-universal/dist/extension.js:1989:25895)
	at Gc.dispose (/workspace/.vscode-remote/extensions/github.vscode-pull-request-github-0.80.1-universal/dist/extension.js:1991:167)
	at Om.removeReviewManager (/workspace/.vscode-remote/extensions/github.vscode-pull-request-github-0.80.1-universal/dist/extension.js:2107:45442)
	at g.value (/workspace/.vscode-remote/extensions/github.vscode-pull-request-github-0.80.1-universal/dist/extension.js:2120:4235)
	at r.y (/ide/out/vs/workbench/api/node/extensionHostProcess.js:80:1902)
	at r.z (/ide/out/vs/workbench/api/node/extensionHostProcess.js:80:1972)
	at r.fire (/ide/out/vs/workbench/api/node/extensionHostProcess.js:80:2188)
	at g.value (/workspace/.vscode-remote/extensions/github.vscode-pull-request-github-0.80.1-universal/dist/extension.js:1916:446993)
	at r.y (/ide/out/vs/workbench/api/node/extensionHostProcess.js:80:1902)
	at r.fire (/ide/out/vs/workbench/api/node/extensionHostProcess.js:80:2119)
	at /workspace/.vscode-remote/extensions/github.vscode-pull-request-github-0.80.1-universal/dist/extension.js:2008:27770
	at g.value (/ide/extensions/git/dist/main.js:2:1018251)
	at r.y (/ide/out/vs/workbench/api/node/extensionHostProcess.js:80:1902)
	at r.z (/ide/out/vs/workbench/api/node/extensionHostProcess.js:80:1972)
	at r.fire (/ide/out/vs/workbench/api/node/extensionHostProcess.js:80:2188)
	at Object.m [as dispose] (/ide/extensions/git/dist/main.js:2:943089)
	at /ide/extensions/git/dist/main.js:2:947930
	at Array.forEach (<anonymous>)
	at p.dispose (/ide/extensions/git/dist/main.js:2:947916)
	at c.<anonymous> (/ide/out/vs/workbench/api/node/extensionHostProcess.js:148:3650)
	at c.dispose (/ide/out/vs/workbench/api/node/extensionHostProcess.js:148:3747)
	at c.<anonymous> (/ide/extensions/git/dist/main.js:2:929310)
	at c.dispose (/ide/out/vs/workbench/api/node/extensionHostProcess.js:148:3747)
	at o (/ide/out/vs/workbench/api/node/extensionHostProcess.js:30:754)
	at g.cb (/ide/out/vs/workbench/api/node/extensionHostProcess.js:156:9873)
	at /ide/out/vs/workbench/api/node/extensionHostProcess.js:156:7807
	at Array.map (<anonymous>)
	at g.Y (/ide/out/vs/workbench/api/node/extensionHostProcess.js:156:7794)
	at g.terminate (/ide/out/vs/workbench/api/node/extensionHostProcess.js:156:8067)
	at o.terminate (/ide/out/vs/workbench/api/node/extensionHostProcess.js:160:1513)
	at t (/ide/out/vs/workbench/api/node/extensionHostProcess.js:173:9950)
	at g.value (/ide/out/vs/workbench/api/node/extensionHostProcess.js:173:7997)
	at r.y (/ide/out/vs/workbench/api/node/extensionHostProcess.js:80:1902)
	at r.fire (/ide/out/vs/workbench/api/node/extensionHostProcess.js:80:2119)
	at n.fire (/ide/out/vs/workbench/api/node/extensionHostProcess.js:105:14073)
	at s.z (/ide/out/vs/workbench/api/node/extensionHostProcess.js:105:17138)
	at g.value (/ide/out/vs/workbench/api/node/extensionHostProcess.js:105:15590)
	at r.y (/ide/out/vs/workbench/api/node/extensionHostProcess.js:80:1902)
	at r.fire (/ide/out/vs/workbench/api/node/extensionHostProcess.js:80:2119)
	at g.acceptChunk (/ide/out/vs/workbench/api/node/extensionHostProcess.js:105:11847)
	at g.value (/ide/out/vs/workbench/api/node/extensionHostProcess.js:105:11134)
	at r.y (/ide/out/vs/workbench/api/node/extensionHostProcess.js:80:1902)
	at r.fire (/ide/out/vs/workbench/api/node/extensionHostProcess.js:80:2119)
	at r.z (/ide/out/vs/workbench/api/node/extensionHostProcess.js:170:19747) setContext undefined
2024-02-20 04:10:02.528 [error] Canceled: Canceled
	at new f (/ide/out/vs/workbench/api/node/extensionHostProcess.js:140:45069)
	at d.U (/ide/out/vs/workbench/api/node/extensionHostProcess.js:147:5557)
	at T.<computed>.O.charCodeAt.T.<computed> (/ide/out/vs/workbench/api/node/extensionHostProcess.js:147:3008)
	at s.g (/ide/out/vs/workbench/api/node/extensionHostProcess.js:150:174703)
	at s.executeCommand (/ide/out/vs/workbench/api/node/extensionHostProcess.js:150:174141)
	at m.registerCommand.description (/ide/out/vs/workbench/api/node/extensionHostProcess.js:150:173465)
	at s.h (/ide/out/vs/workbench/api/node/extensionHostProcess.js:150:175242)
	at s.g (/ide/out/vs/workbench/api/node/extensionHostProcess.js:150:174234)
	at s.executeCommand (/ide/out/vs/workbench/api/node/extensionHostProcess.js:150:174141)
	at Object.executeCommand (/ide/out/vs/workbench/api/node/extensionHostProcess.js:160:21633)
	at v2.reset (/workspace/.vscode-remote/extensions/github.vscode-pull-request-github-0.80.1-universal/dist/extension.js:2107:7715)
	at v2.dispose (/workspace/.vscode-remote/extensions/github.vscode-pull-request-github-0.80.1-universal/dist/extension.js:2107:7986)
	at o (/ide/out/vs/workbench/api/node/extensionHostProcess.js:30:754)
	at g.cb (/ide/out/vs/workbench/api/node/extensionHostProcess.js:156:9873)
	at /ide/out/vs/workbench/api/node/extensionHostProcess.js:156:7807
	at Array.map (<anonymous>)
	at g.Y (/ide/out/vs/workbench/api/node/extensionHostProcess.js:156:7794)
	at g.terminate (/ide/out/vs/workbench/api/node/extensionHostProcess.js:156:8067)
	at o.terminate (/ide/out/vs/workbench/api/node/extensionHostProcess.js:160:1513)
	at t (/ide/out/vs/workbench/api/node/extensionHostProcess.js:173:9950)
	at g.value (/ide/out/vs/workbench/api/node/extensionHostProcess.js:173:7997)
	at r.y (/ide/out/vs/workbench/api/node/extensionHostProcess.js:80:1902)
	at r.fire (/ide/out/vs/workbench/api/node/extensionHostProcess.js:80:2119)
	at n.fire (/ide/out/vs/workbench/api/node/extensionHostProcess.js:105:14073)
	at s.z (/ide/out/vs/workbench/api/node/extensionHostProcess.js:105:17138)
	at g.value (/ide/out/vs/workbench/api/node/extensionHostProcess.js:105:15590)
	at r.y (/ide/out/vs/workbench/api/node/extensionHostProcess.js:80:1902)
	at r.fire (/ide/out/vs/workbench/api/node/extensionHostProcess.js:80:2119)
	at g.acceptChunk (/ide/out/vs/workbench/api/node/extensionHostProcess.js:105:11847)
	at g.value (/ide/out/vs/workbench/api/node/extensionHostProcess.js:105:11134)
	at r.y (/ide/out/vs/workbench/api/node/extensionHostProcess.js:80:1902)
	at r.fire (/ide/out/vs/workbench/api/node/extensionHostProcess.js:80:2119)
	at r.z (/ide/out/vs/workbench/api/node/extensionHostProcess.js:170:19747) setContext undefined
2024-02-20 04:10:02.532 [info] Extension host with pid 460 exiting with code 0
