2024-02-21 01:27:31.926 [info] Extension host with pid 458 started
2024-02-21 01:27:31.926 [error] Error: EEXIST: file already exists, open '/workspace/.vscode-remote/data/User/workspaceStorage/5966c93f/vscode.lock'
2024-02-21 01:27:31.933 [info] Lock '/workspace/.vscode-remote/data/User/workspaceStorage/5966c93f/vscode.lock': Could not acquire lock, checking if the file is stale.
2024-02-21 01:27:31.934 [info] Lock '/workspace/.vscode-remote/data/User/workspaceStorage/5966c93f/vscode.lock': The pid 455 appears to be gone.
2024-02-21 01:27:31.934 [info] Lock '/workspace/.vscode-remote/data/User/workspaceStorage/5966c93f/vscode.lock': Deleting a stale lock.
2024-02-21 01:27:31.941 [info] Lock '/workspace/.vscode-remote/data/User/workspaceStorage/5966c93f/vscode.lock': Lock acquired.
2024-02-21 01:27:32.053 [info] ExtensionService#_doActivateExtension gitpod.gitpod-web, startup: false, activationEvent: 'onAuthenticationRequest:gitpod'
2024-02-21 01:27:32.418 [info] ExtensionService#_doActivateExtension vscode.git-base, startup: true, activationEvent: '*', root cause: vscode.git
2024-02-21 01:27:32.513 [info] ExtensionService#_doActivateExtension vscode.git, startup: true, activationEvent: '*'
2024-02-21 01:27:32.513 [info] ExtensionService#_doActivateExtension vscode.github, startup: true, activationEvent: '*'
2024-02-21 01:27:32.748 [info] Eager extensions activated
2024-02-21 01:27:32.748 [info] ExtensionService#_doActivateExtension vscode.debug-auto-launch, startup: false, activationEvent: 'onStartupFinished'
2024-02-21 01:27:32.748 [info] ExtensionService#_doActivateExtension vscode.merge-conflict, startup: false, activationEvent: 'onStartupFinished'
2024-02-21 01:27:32.749 [info] ExtensionService#_doActivateExtension vscode.github-authentication, startup: false, activationEvent: 'onStartupFinished', root cause: GitHub.vscode-pull-request-github
2024-02-21 01:27:32.815 [info] ExtensionService#_doActivateExtension redhat.vscode-yaml, startup: false, activationEvent: 'onLanguage:yaml'
2024-02-21 01:27:32.815 [info] ExtensionService#_doActivateExtension vscode.emmet, startup: false, activationEvent: 'onLanguage'
2024-02-21 01:27:32.960 [info] ExtensionService#_doActivateExtension GitHub.vscode-pull-request-github, startup: false, activationEvent: 'onStartupFinished'
2024-02-21 01:27:33.402 [warning] [redhat.vscode-yaml] Accessing a resource scoped configuration without providing a resource is not expected. To get the effective value for '[yaml]', provide the URI of a resource or 'null' for any resource.
2024-02-21 01:27:33.404 [warning] [redhat.vscode-yaml] Accessing a resource scoped configuration without providing a resource is not expected. To get the effective value for '[yaml]', provide the URI of a resource or 'null' for any resource.
2024-02-21 01:27:33.579 [info] ExtensionService#_doActivateExtension vscode.json-language-features, startup: false, activationEvent: 'onLanguage:jsonc'
2024-02-21 01:27:33.579 [info] ExtensionService#_doActivateExtension vscode.typescript-language-features, startup: false, activationEvent: 'onLanguage:jsonc'
