2024-02-21 01:27:32.427 [info] Log level: Info
2024-02-21 01:27:32.427 [info] VSCODE_MACHINE_ID: someValue.machineId
2024-02-21 01:27:32.427 [info] VSCODE_SESSION_ID: someValue.sessionId
2024-02-21 01:27:32.427 [info] VSCODE_VERSION: 1.86.2
2024-02-21 01:27:32.427 [info] VSCODE_APP_NAME: Gitpod Code
2024-02-21 01:27:32.427 [info] VSCODE_APP_HOST: Gitpod
2024-02-21 01:27:32.427 [info] VSCODE_UI_KIND: web
2024-02-21 01:27:32.427 [info] GITPOD_WORKSPACE_CONTEXT_URL: https://github.com/freeCodeCamp/learn-world-cup-database
2024-02-21 01:27:32.427 [info] GITPOD_INSTANCE_ID: f34c3b8c-3727-4aa5-aa98-231e9de78b44
2024-02-21 01:27:32.427 [info] GITPOD_WORKSPACE_URL: https://freecodecam-learnworldc-ecfc3nbsl0p.ws-us108.gitpod.io
2024-02-21 01:27:32.427 [info] Gitpod Web 4e069a6
2024-02-21 01:27:32.427 [info] Reading sessions from keychain...
2024-02-21 01:27:32.512 [info] Getting sessions for all scopes...
2024-02-21 01:27:32.512 [info] Getting GitHub sessions for all scopes...
2024-02-21 01:27:32.512 [info] Getting sessions for function:accessCodeSyncStorage...
2024-02-21 01:27:32.513 [info] Got stored sessions!
2024-02-21 01:27:32.513 [info] Verified session with the following scopes: function:accessCodeSyncStorage function:closePort function:controlAdmission function:deleteEnvVar function:generateNewGitpodToken function:getDefaultWorkspaceImage function:getEnvVars function:getGitpodTokenScopes function:getIDToken function:getLoggedInUser function:getOpenPorts function:getSupportedWorkspaceClasses function:getTeams function:getToken function:getWorkspace function:getWorkspaceEnvVars function:getWorkspaceOwner function:getWorkspaceTimeout function:getWorkspaceUsers function:guessGitTokenScopes function:isWorkspaceOwner function:openPort function:sendHeartBeat function:setEnvVar function:setWorkspaceTimeout function:stopWorkspace function:takeSnapshot function:trackEvent function:updateGitStatus function:waitForSnapshot resource:contentBlob::*::create/get resource:envVar::freeCodeCamp/learn-world-cup-database::create/get/update/delete resource:gitpodToken::*::create resource:snapshot::ws-freecodecam-learnworldc-ecfc3nbsl0p::create resource:token::*::get resource:userStorage::*::create/get/update resource:workspace::freecodecam-learnworldc-ecfc3nbsl0p::get/update resource:workspaceInstance::f34c3b8c-3727-4aa5-aa98-231e9de78b44::get/update/delete
2024-02-21 01:27:32.513 [info] Got 1 verified sessions.
2024-02-21 01:27:32.513 [info] Got 1 sessions for all scopes...
2024-02-21 01:27:32.513 [info] Got 1 sessions for function:accessCodeSyncStorage...
2024-02-21 01:27:32.628 [info] Getting GitHub sessions for all scopes...
2024-02-21 01:27:32.655 [info] Got 1 GitHub sessions for all scopes...
2024-02-21 01:27:32.655 [info] Got 1 GitHub sessions for all scopes...
2024-02-21 01:27:32.712 [info] Getting sessions for all scopes...
2024-02-21 01:27:32.712 [info] Got 1 sessions for all scopes...
2024-02-21 01:27:32.796 [info] Getting GitHub sessions for all scopes...
2024-02-21 01:27:32.797 [info] Got 1 GitHub sessions for all scopes...
2024-02-21 01:27:33.204 [info] Getting GitHub sessions for read:user,repo,user:email,workflow...
2024-02-21 01:27:33.204 [info] Got 0 GitHub sessions for read:user,repo,user:email,workflow...
2024-02-21 01:27:33.407 [info] Getting GitHub sessions for project,read:org,read:user,repo,user:email,workflow...
2024-02-21 01:27:33.407 [info] Got 0 GitHub sessions for project,read:org,read:user,repo,user:email,workflow...
2024-02-21 01:27:33.785 [info] Getting GitHub sessions for read:user,repo,user:email,workflow...
2024-02-21 01:27:33.785 [info] Got 0 GitHub sessions for read:user,repo,user:email,workflow...
2024-02-21 01:27:34.075 [info] Getting GitHub sessions for read:user,repo,user:email...
2024-02-21 01:27:34.075 [info] Got 0 GitHub sessions for read:user,repo,user:email...
2024-02-21 01:27:34.342 [info] Getting GitHub sessions for read:user,repo,user:email,workflow...
2024-02-21 01:27:34.342 [info] Got 0 GitHub sessions for read:user,repo,user:email,workflow...
