2024-02-22 13:18:07.966 [info] Log level: Info
2024-02-22 13:18:07.966 [info] Validating found git in: "git"
2024-02-22 13:18:07.966 [info] Using git "2.43.0" from "git"
2024-02-22 13:18:07.966 [info] > git rev-parse --show-toplevel [24ms]
2024-02-22 13:18:07.966 [info] > git rev-parse --git-dir --git-common-dir [1ms]
2024-02-22 13:18:07.966 [info] Open repository: /workspace/project
2024-02-22 13:18:07.966 [info] > git config --get commit.template [9ms]
2024-02-22 13:18:07.966 [info] > git rev-parse --show-toplevel [2ms]
2024-02-22 13:18:07.966 [info] > git for-each-ref --format=%(refname)%00%(upstream:short)%00%(objectname)%00%(upstream:track)%00%(upstream:remotename)%00%(upstream:remoteref) refs/heads/main refs/remotes/main [129ms]
2024-02-22 13:18:07.966 [warning] ENOENT: no such file or directory, open '/workspace/project/.git/refs/remotes/origin/main'
2024-02-22 13:18:07.966 [info] > git rev-parse --show-toplevel [132ms]
2024-02-22 13:18:07.966 [info] > git rev-parse refs/remotes/origin/main [1ms]
2024-02-22 13:18:07.966 [info] > git status -z -uall [3ms]
2024-02-22 13:18:07.966 [info] > git config --get commit.template [3ms]
2024-02-22 13:18:07.966 [info] > git for-each-ref --format=%(refname)%00%(upstream:short)%00%(objectname)%00%(upstream:track)%00%(upstream:remotename)%00%(upstream:remoteref) refs/heads/main refs/remotes/main [3ms]
2024-02-22 13:18:07.973 [warning] ENOENT: no such file or directory, open '/workspace/project/.git/refs/remotes/origin/main'
2024-02-22 13:18:08.083 [info] > git rev-parse refs/remotes/origin/main [109ms]
2024-02-22 13:18:08.095 [info] > git status -z -uall [3ms]
2024-02-22 13:18:09.557 [info] > git config --local branch.main.github-pr-owner-number [1ms]
2024-02-22 13:18:09.557 [warning] git config failed: Failed to execute git
2024-02-22 13:18:11.507 [info] > git config --get commit.template [13ms]
2024-02-22 13:18:11.507 [info] > git for-each-ref --format=%(refname)%00%(upstream:short)%00%(objectname)%00%(upstream:track)%00%(upstream:remotename)%00%(upstream:remoteref) refs/heads/main refs/remotes/main [1ms]
2024-02-22 13:18:11.518 [warning] ENOENT: no such file or directory, open '/workspace/project/.git/refs/remotes/origin/main'
2024-02-22 13:18:11.520 [info] > git rev-parse refs/remotes/origin/main [2ms]
2024-02-22 13:18:11.531 [info] > git status -z -uall [1ms]
2024-02-22 13:18:16.552 [info] > git config --get commit.template [7ms]
2024-02-22 13:18:16.553 [info] > git for-each-ref --format=%(refname)%00%(upstream:short)%00%(objectname)%00%(upstream:track)%00%(upstream:remotename)%00%(upstream:remoteref) refs/heads/main refs/remotes/main [2ms]
2024-02-22 13:18:16.558 [warning] ENOENT: no such file or directory, open '/workspace/project/.git/refs/remotes/origin/main'
2024-02-22 13:18:16.559 [info] > git rev-parse refs/remotes/origin/main [1ms]
2024-02-22 13:18:16.566 [info] > git status -z -uall [1ms]
2024-02-22 13:18:39.741 [info] > git config --get commit.template [2ms]
2024-02-22 13:18:39.752 [info] > git for-each-ref --format=%(refname)%00%(upstream:short)%00%(objectname)%00%(upstream:track)%00%(upstream:remotename)%00%(upstream:remoteref) refs/heads/main refs/remotes/main [2ms]
2024-02-22 13:18:39.761 [warning] ENOENT: no such file or directory, open '/workspace/project/.git/refs/remotes/origin/main'
2024-02-22 13:18:39.762 [info] > git rev-parse refs/remotes/origin/main [1ms]
2024-02-22 13:18:39.773 [info] > git status -z -uall [2ms]
2024-02-22 13:18:58.977 [info] > git config --get commit.template [7ms]
2024-02-22 13:18:58.977 [info] > git for-each-ref --format=%(refname)%00%(upstream:short)%00%(objectname)%00%(upstream:track)%00%(upstream:remotename)%00%(upstream:remoteref) refs/heads/main refs/remotes/main [1ms]
2024-02-22 13:18:58.983 [warning] ENOENT: no such file or directory, open '/workspace/project/.git/refs/remotes/origin/main'
2024-02-22 13:18:58.984 [info] > git rev-parse refs/remotes/origin/main [1ms]
2024-02-22 13:18:58.993 [info] > git status -z -uall [2ms]
2024-02-22 13:19:06.792 [info] > git config --get commit.template [7ms]
2024-02-22 13:19:06.792 [info] > git for-each-ref --format=%(refname)%00%(upstream:short)%00%(objectname)%00%(upstream:track)%00%(upstream:remotename)%00%(upstream:remoteref) refs/heads/main refs/remotes/main [1ms]
2024-02-22 13:19:06.798 [warning] ENOENT: no such file or directory, open '/workspace/project/.git/refs/remotes/origin/main'
2024-02-22 13:19:06.799 [info] > git rev-parse refs/remotes/origin/main [1ms]
2024-02-22 13:19:06.806 [info] > git status -z -uall [2ms]
2024-02-22 13:19:11.830 [info] > git config --get commit.template [10ms]
2024-02-22 13:19:11.830 [info] > git for-each-ref --format=%(refname)%00%(upstream:short)%00%(objectname)%00%(upstream:track)%00%(upstream:remotename)%00%(upstream:remoteref) refs/heads/main refs/remotes/main [1ms]
2024-02-22 13:19:11.840 [warning] ENOENT: no such file or directory, open '/workspace/project/.git/refs/remotes/origin/main'
2024-02-22 13:19:11.841 [info] > git rev-parse refs/remotes/origin/main [1ms]
2024-02-22 13:19:11.852 [info] > git status -z -uall [1ms]
2024-02-22 13:19:16.870 [info] > git config --get commit.template [7ms]
2024-02-22 13:19:16.871 [info] > git for-each-ref --format=%(refname)%00%(upstream:short)%00%(objectname)%00%(upstream:track)%00%(upstream:remotename)%00%(upstream:remoteref) refs/heads/main refs/remotes/main [2ms]
2024-02-22 13:19:16.876 [warning] ENOENT: no such file or directory, open '/workspace/project/.git/refs/remotes/origin/main'
2024-02-22 13:19:16.877 [info] > git rev-parse refs/remotes/origin/main [1ms]
2024-02-22 13:19:16.884 [info] > git status -z -uall [1ms]
2024-02-22 13:19:36.224 [info] > git config --get commit.template [8ms]
2024-02-22 13:19:36.225 [info] > git for-each-ref --format=%(refname)%00%(upstream:short)%00%(objectname)%00%(upstream:track)%00%(upstream:remotename)%00%(upstream:remoteref) refs/heads/main refs/remotes/main [1ms]
2024-02-22 13:19:36.233 [warning] ENOENT: no such file or directory, open '/workspace/project/.git/refs/remotes/origin/main'
2024-02-22 13:19:36.234 [info] > git rev-parse refs/remotes/origin/main [1ms]
2024-02-22 13:19:36.244 [info] > git status -z -uall [2ms]
2024-02-22 13:19:54.449 [info] > git config --get commit.template [7ms]
2024-02-22 13:19:54.449 [info] > git for-each-ref --format=%(refname)%00%(upstream:short)%00%(objectname)%00%(upstream:track)%00%(upstream:remotename)%00%(upstream:remoteref) refs/heads/main refs/remotes/main [1ms]
2024-02-22 13:19:54.455 [warning] ENOENT: no such file or directory, open '/workspace/project/.git/refs/remotes/origin/main'
2024-02-22 13:19:54.456 [info] > git rev-parse refs/remotes/origin/main [1ms]
2024-02-22 13:19:54.463 [info] > git status -z -uall [1ms]
2024-02-22 13:19:59.487 [info] > git config --get commit.template [11ms]
2024-02-22 13:19:59.488 [info] > git for-each-ref --format=%(refname)%00%(upstream:short)%00%(objectname)%00%(upstream:track)%00%(upstream:remotename)%00%(upstream:remoteref) refs/heads/main refs/remotes/main [2ms]
2024-02-22 13:19:59.501 [warning] ENOENT: no such file or directory, open '/workspace/project/.git/refs/remotes/origin/main'
2024-02-22 13:19:59.502 [info] > git rev-parse refs/remotes/origin/main [2ms]
2024-02-22 13:19:59.516 [info] > git status -z -uall [2ms]
2024-02-22 13:20:05.351 [info] > git config --get commit.template [6ms]
2024-02-22 13:20:05.352 [info] > git for-each-ref --format=%(refname)%00%(upstream:short)%00%(objectname)%00%(upstream:track)%00%(upstream:remotename)%00%(upstream:remoteref) refs/heads/main refs/remotes/main [1ms]
2024-02-22 13:20:05.358 [warning] ENOENT: no such file or directory, open '/workspace/project/.git/refs/remotes/origin/main'
2024-02-22 13:20:05.359 [info] > git rev-parse refs/remotes/origin/main [1ms]
2024-02-22 13:20:05.366 [info] > git status -z -uall [1ms]
2024-02-22 13:20:14.097 [info] > git config --get commit.template [7ms]
2024-02-22 13:20:14.099 [info] > git for-each-ref --format=%(refname)%00%(upstream:short)%00%(objectname)%00%(upstream:track)%00%(upstream:remotename)%00%(upstream:remoteref) refs/heads/main refs/remotes/main [1ms]
2024-02-22 13:20:14.105 [warning] ENOENT: no such file or directory, open '/workspace/project/.git/refs/remotes/origin/main'
2024-02-22 13:20:14.106 [info] > git rev-parse refs/remotes/origin/main [1ms]
2024-02-22 13:20:14.116 [info] > git status -z -uall [2ms]
2024-02-22 13:20:21.881 [info] > git config --get commit.template [10ms]
2024-02-22 13:20:21.882 [info] > git for-each-ref --format=%(refname)%00%(upstream:short)%00%(objectname)%00%(upstream:track)%00%(upstream:remotename)%00%(upstream:remoteref) refs/heads/main refs/remotes/main [1ms]
2024-02-22 13:20:21.892 [warning] ENOENT: no such file or directory, open '/workspace/project/.git/refs/remotes/origin/main'
2024-02-22 13:20:21.893 [info] > git rev-parse refs/remotes/origin/main [0ms]
2024-02-22 13:20:21.905 [info] > git status -z -uall [2ms]
2024-02-22 13:20:26.619 [info] > git merge-base refs/heads/main refs/remotes/origin/main [2ms]
2024-02-22 13:20:26.628 [info] > git rev-list --count --left-right refs/heads/main...refs/remotes/origin/main [2ms]
2024-02-22 13:20:26.918 [info] > git config --get commit.template [1ms]
2024-02-22 13:20:26.930 [info] > git for-each-ref --format=%(refname)%00%(upstream:short)%00%(objectname)%00%(upstream:track)%00%(upstream:remotename)%00%(upstream:remoteref) refs/heads/main refs/remotes/main [2ms]
2024-02-22 13:20:26.939 [warning] ENOENT: no such file or directory, open '/workspace/project/.git/refs/remotes/origin/main'
2024-02-22 13:20:26.940 [info] > git rev-parse refs/remotes/origin/main [1ms]
2024-02-22 13:20:26.950 [info] > git status -z -uall [1ms]
2024-02-22 13:20:27.313 [info] > git check-ignore -v -z --stdin [1ms]
2024-02-22 13:20:28.446 [info] > git show --textconv HEAD:worldcup.sql [11ms]
2024-02-22 13:20:28.447 [info] > git ls-tree -l HEAD -- /workspace/project/worldcup.sql [1ms]
2024-02-22 13:20:36.945 [info] > git show --textconv HEAD:queries.sh [7ms]
2024-02-22 13:20:36.946 [info] > git ls-tree -l HEAD -- /workspace/project/queries.sh [2ms]
2024-02-22 13:20:41.287 [info] > git show --textconv HEAD:insert_data.sh [10ms]
2024-02-22 13:20:41.288 [info] > git ls-tree -l HEAD -- /workspace/project/insert_data.sh [2ms]
2024-02-22 13:20:43.492 [info] > git show --textconv HEAD:.insert_data.sh.swp [11ms]
2024-02-22 13:20:43.493 [info] > git ls-tree -l HEAD -- /workspace/project/.insert_data.sh.swp [2ms]
2024-02-22 13:20:43.705 [info] > git ls-tree -l HEAD -- /workspace/project/.insert_data.sh.swp [1ms]
2024-02-22 13:20:45.510 [info] > git show --textconv HEAD:worldcup.sql [8ms]
2024-02-22 13:20:45.510 [info] > git ls-tree -l HEAD -- /workspace/project/worldcup.sql [1ms]
2024-02-22 13:20:47.468 [info] > git log --format=%H%n%aN%n%aE%n%at%n%ct%n%P%n%D%n%B -z --shortstat --diff-merges=first-parent --author-date-order 2bb7155f5fb9b5ee8e361053405e32da41235798..24c462ea426fbc4150f4eab50bd56656c26a909b [5ms]
2024-02-22 13:20:47.667 [info] > git diff --shortstat 2bb7155f5fb9b5ee8e361053405e32da41235798...24c462ea426fbc4150f4eab50bd56656c26a909b [4ms]
2024-02-22 13:20:50.356 [info] > git diff --name-status -z --diff-filter=ADMR 26fc71a63497f5d54f9d21351cc3ca148bddff3d...b565b0ef0e1329b552eb1a9f8aef3eecade62f27 [2ms]
2024-02-22 13:20:50.953 [info] > git check-ignore -v -z --stdin [1ms]
2024-02-22 13:20:51.673 [info] > git show --textconv 26fc71a63497f5d54f9d21351cc3ca148bddff3d:.freeCodeCamp/test/1.1.test.js [21ms]
2024-02-22 13:20:51.673 [info] > git show --textconv b565b0ef0e1329b552eb1a9f8aef3eecade62f27:.freeCodeCamp/test/1.1.test.js [13ms]
2024-02-22 13:20:51.673 [info] > git ls-tree -l 26fc71a63497f5d54f9d21351cc3ca148bddff3d -- /workspace/project/.freeCodeCamp/test/1.1.test.js [7ms]
2024-02-22 13:20:51.675 [info] > git ls-tree -l b565b0ef0e1329b552eb1a9f8aef3eecade62f27 -- /workspace/project/.freeCodeCamp/test/1.1.test.js [3ms]
2024-02-22 13:20:52.186 [info] > git check-ignore -v -z --stdin [1ms]
2024-02-22 13:20:57.937 [info] > git diff --name-status -z --diff-filter=ADMR 2bb7155f5fb9b5ee8e361053405e32da41235798...26fc71a63497f5d54f9d21351cc3ca148bddff3d [3ms]
2024-02-22 13:20:58.550 [info] > git check-ignore -v -z --stdin [2ms]
2024-02-22 13:21:03.394 [info] > git show --textconv 2bb7155f5fb9b5ee8e361053405e32da41235798:.freeCodeCamp/worldcuptest.sql [18ms]
2024-02-22 13:21:03.394 [info] > git show --textconv 26fc71a63497f5d54f9d21351cc3ca148bddff3d:.freeCodeCamp/worldcuptest.sql [12ms]
2024-02-22 13:21:03.395 [info] > git ls-tree -l 2bb7155f5fb9b5ee8e361053405e32da41235798 -- /workspace/project/.freeCodeCamp/worldcuptest.sql [6ms]
2024-02-22 13:21:03.396 [info] > git ls-tree -l 26fc71a63497f5d54f9d21351cc3ca148bddff3d -- /workspace/project/.freeCodeCamp/worldcuptest.sql [3ms]
2024-02-22 13:21:03.908 [info] > git check-ignore -v -z --stdin [1ms]
2024-02-22 13:21:21.752 [info] > git config --get commit.template [7ms]
2024-02-22 13:21:21.753 [info] > git for-each-ref --format=%(refname)%00%(upstream:short)%00%(objectname)%00%(upstream:track)%00%(upstream:remotename)%00%(upstream:remoteref) refs/heads/main refs/remotes/main [1ms]
2024-02-22 13:21:21.759 [warning] ENOENT: no such file or directory, open '/workspace/project/.git/refs/remotes/origin/main'
2024-02-22 13:21:21.760 [info] > git rev-parse refs/remotes/origin/main [1ms]
2024-02-22 13:21:21.767 [info] > git status -z -uall [2ms]
2024-02-22 13:21:26.793 [info] > git config --get commit.template [11ms]
2024-02-22 13:21:26.794 [info] > git for-each-ref --format=%(refname)%00%(upstream:short)%00%(objectname)%00%(upstream:track)%00%(upstream:remotename)%00%(upstream:remoteref) refs/heads/main refs/remotes/main [2ms]
2024-02-22 13:21:26.805 [warning] ENOENT: no such file or directory, open '/workspace/project/.git/refs/remotes/origin/main'
2024-02-22 13:21:26.806 [info] > git rev-parse refs/remotes/origin/main [1ms]
2024-02-22 13:21:26.820 [info] > git status -z -uall [2ms]
2024-02-22 13:21:31.835 [info] > git config --get commit.template [1ms]
2024-02-22 13:21:31.848 [info] > git for-each-ref --format=%(refname)%00%(upstream:short)%00%(objectname)%00%(upstream:track)%00%(upstream:remotename)%00%(upstream:remoteref) refs/heads/main refs/remotes/main [2ms]
2024-02-22 13:21:31.858 [warning] ENOENT: no such file or directory, open '/workspace/project/.git/refs/remotes/origin/main'
2024-02-22 13:21:31.859 [info] > git rev-parse refs/remotes/origin/main [1ms]
2024-02-22 13:21:31.868 [info] > git status -z -uall [2ms]
2024-02-22 13:21:36.892 [info] > git config --get commit.template [11ms]
2024-02-22 13:21:36.893 [info] > git for-each-ref --format=%(refname)%00%(upstream:short)%00%(objectname)%00%(upstream:track)%00%(upstream:remotename)%00%(upstream:remoteref) refs/heads/main refs/remotes/main [2ms]
2024-02-22 13:21:36.903 [warning] ENOENT: no such file or directory, open '/workspace/project/.git/refs/remotes/origin/main'
2024-02-22 13:21:36.904 [info] > git rev-parse refs/remotes/origin/main [1ms]
2024-02-22 13:21:36.916 [info] > git status -z -uall [1ms]
2024-02-22 13:21:40.421 [info] > git show --textconv 2bb7155f5fb9b5ee8e361053405e32da41235798:queries.sh [25ms]
2024-02-22 13:21:40.422 [info] > git show --textconv 26fc71a63497f5d54f9d21351cc3ca148bddff3d:queries.sh [20ms]
2024-02-22 13:21:40.422 [info] > git ls-tree -l 2bb7155f5fb9b5ee8e361053405e32da41235798 -- /workspace/project/queries.sh [11ms]
2024-02-22 13:21:40.423 [info] > git ls-tree -l 26fc71a63497f5d54f9d21351cc3ca148bddff3d -- /workspace/project/queries.sh [2ms]
2024-02-22 13:21:40.936 [info] > git check-ignore -v -z --stdin [1ms]
2024-02-22 13:21:48.094 [info] > git show --textconv HEAD:queries.sh [11ms]
2024-02-22 13:21:48.095 [info] > git ls-tree -l HEAD -- /workspace/project/queries.sh [2ms]
2024-02-22 13:21:50.021 [info] > git show --textconv HEAD:.insert_data.sh.swp [13ms]
2024-02-22 13:21:50.022 [info] > git ls-tree -l HEAD -- /workspace/project/.insert_data.sh.swp [2ms]
2024-02-22 13:21:50.198 [info] > git ls-tree -l HEAD -- /workspace/project/.insert_data.sh.swp [2ms]
2024-02-22 13:21:50.582 [info] > git show --textconv HEAD:insert_data.sh [11ms]
2024-02-22 13:21:50.584 [info] > git ls-tree -l HEAD -- /workspace/project/insert_data.sh [1ms]
2024-02-22 13:22:10.260 [info] > git show --textconv HEAD:.freeCodeCamp/test/.next_command [7ms]
2024-02-22 13:22:10.260 [info] > git ls-tree -l HEAD -- /workspace/project/.freeCodeCamp/test/.next_command [1ms]
2024-02-22 13:23:09.465 [info] > git config --local branch.main.github-pr-owner-number [1ms]
2024-02-22 13:23:09.465 [warning] git config failed: Failed to execute git
2024-02-22 13:24:22.203 [info] > git config --get commit.template [7ms]
2024-02-22 13:24:22.204 [info] > git for-each-ref --format=%(refname)%00%(upstream:short)%00%(objectname)%00%(upstream:track)%00%(upstream:remotename)%00%(upstream:remoteref) refs/heads/main refs/remotes/main [2ms]
2024-02-22 13:24:22.210 [warning] ENOENT: no such file or directory, open '/workspace/project/.git/refs/remotes/origin/main'
2024-02-22 13:24:22.211 [info] > git rev-parse refs/remotes/origin/main [1ms]
2024-02-22 13:24:22.217 [info] > git status -z -uall [1ms]
2024-02-22 13:24:28.109 [info] > git config --get commit.template [7ms]
2024-02-22 13:24:28.109 [info] > git for-each-ref --format=%(refname)%00%(upstream:short)%00%(objectname)%00%(upstream:track)%00%(upstream:remotename)%00%(upstream:remoteref) refs/heads/main refs/remotes/main [1ms]
2024-02-22 13:24:28.115 [warning] ENOENT: no such file or directory, open '/workspace/project/.git/refs/remotes/origin/main'
2024-02-22 13:24:28.116 [info] > git rev-parse refs/remotes/origin/main [1ms]
2024-02-22 13:24:28.123 [info] > git status -z -uall [1ms]
2024-02-22 13:24:34.019 [info] > git config --get commit.template [8ms]
2024-02-22 13:24:34.019 [info] > git for-each-ref --format=%(refname)%00%(upstream:short)%00%(objectname)%00%(upstream:track)%00%(upstream:remotename)%00%(upstream:remoteref) refs/heads/main refs/remotes/main [2ms]
2024-02-22 13:24:34.025 [warning] ENOENT: no such file or directory, open '/workspace/project/.git/refs/remotes/origin/main'
2024-02-22 13:24:34.026 [info] > git rev-parse refs/remotes/origin/main [1ms]
2024-02-22 13:24:34.032 [info] > git status -z -uall [1ms]
2024-02-22 13:24:45.778 [info] > git config --get commit.template [7ms]
2024-02-22 13:24:45.778 [info] > git for-each-ref --format=%(refname)%00%(upstream:short)%00%(objectname)%00%(upstream:track)%00%(upstream:remotename)%00%(upstream:remoteref) refs/heads/main refs/remotes/main [1ms]
2024-02-22 13:24:45.784 [warning] ENOENT: no such file or directory, open '/workspace/project/.git/refs/remotes/origin/main'
2024-02-22 13:24:45.785 [info] > git rev-parse refs/remotes/origin/main [1ms]
2024-02-22 13:24:45.792 [info] > git status -z -uall [2ms]
2024-02-22 13:24:57.236 [info] > git config --get commit.template [7ms]
2024-02-22 13:24:57.237 [info] > git for-each-ref --format=%(refname)%00%(upstream:short)%00%(objectname)%00%(upstream:track)%00%(upstream:remotename)%00%(upstream:remoteref) refs/heads/main refs/remotes/main [1ms]
2024-02-22 13:24:57.243 [warning] ENOENT: no such file or directory, open '/workspace/project/.git/refs/remotes/origin/main'
2024-02-22 13:24:57.244 [info] > git rev-parse refs/remotes/origin/main [1ms]
2024-02-22 13:24:57.251 [info] > git status -z -uall [1ms]
2024-02-22 13:25:03.607 [info] > git config --get commit.template [12ms]
2024-02-22 13:25:03.609 [info] > git for-each-ref --format=%(refname)%00%(upstream:short)%00%(objectname)%00%(upstream:track)%00%(upstream:remotename)%00%(upstream:remoteref) refs/heads/main refs/remotes/main [2ms]
2024-02-22 13:25:03.619 [warning] ENOENT: no such file or directory, open '/workspace/project/.git/refs/remotes/origin/main'
2024-02-22 13:25:03.620 [info] > git rev-parse refs/remotes/origin/main [1ms]
2024-02-22 13:25:03.631 [info] > git status -z -uall [2ms]
2024-02-22 13:25:10.290 [info] > git config --get commit.template [7ms]
2024-02-22 13:25:10.291 [info] > git for-each-ref --format=%(refname)%00%(upstream:short)%00%(objectname)%00%(upstream:track)%00%(upstream:remotename)%00%(upstream:remoteref) refs/heads/main refs/remotes/main [1ms]
2024-02-22 13:25:10.297 [warning] ENOENT: no such file or directory, open '/workspace/project/.git/refs/remotes/origin/main'
2024-02-22 13:25:10.299 [info] > git rev-parse refs/remotes/origin/main [1ms]
2024-02-22 13:25:10.305 [info] > git status -z -uall [1ms]
2024-02-22 13:25:15.435 [info] > git config --get commit.template [11ms]
2024-02-22 13:25:15.436 [info] > git for-each-ref --format=%(refname)%00%(upstream:short)%00%(objectname)%00%(upstream:track)%00%(upstream:remotename)%00%(upstream:remoteref) refs/heads/main refs/remotes/main [2ms]
2024-02-22 13:25:15.447 [warning] ENOENT: no such file or directory, open '/workspace/project/.git/refs/remotes/origin/main'
2024-02-22 13:25:15.448 [info] > git rev-parse refs/remotes/origin/main [1ms]
2024-02-22 13:25:15.460 [info] > git status -z -uall [1ms]
