2024-02-17 19:43:42.627 [info] Log level: Info
2024-02-17 19:43:42.634 [info] VSCODE_MACHINE_ID: 850031a9-d118-45e6-bcef-292f9cb9cce5
2024-02-17 19:43:42.634 [info] VSCODE_SESSION_ID: d0dd24df-bad7-4ff1-b9c9-3ae92e7f54e81708199018445
2024-02-17 19:43:42.634 [info] VSCODE_VERSION: 1.86.1
2024-02-17 19:43:42.634 [info] VSCODE_APP_NAME: Gitpod Code
2024-02-17 19:43:42.634 [info] VSCODE_APP_HOST: Gitpod
2024-02-17 19:43:42.634 [info] VSCODE_UI_KIND: web
2024-02-17 19:43:42.634 [info] GITPOD_WORKSPACE_CONTEXT_URL: https://github.com/freeCodeCamp/learn-world-cup-database
2024-02-17 19:43:42.634 [info] GITPOD_INSTANCE_ID: 1a4d402b-64c2-487f-acaf-eef7f3cb24fb
2024-02-17 19:43:42.634 [info] GITPOD_WORKSPACE_URL: https://freecodecam-learnworldc-ecfc3nbsl0p.ws-us108.gitpod.io
2024-02-17 19:43:42.641 [info] Gitpod Web 4e069a6
2024-02-17 19:43:42.641 [info] Reading sessions from keychain...
2024-02-17 19:43:42.749 [info] Getting sessions for all scopes...
2024-02-17 19:43:42.749 [info] Getting GitHub sessions for all scopes...
2024-02-17 19:43:42.749 [info] Getting sessions for function:accessCodeSyncStorage...
2024-02-17 19:43:42.750 [info] Got stored sessions!
2024-02-17 19:43:42.750 [info] Verified session with the following scopes: function:accessCodeSyncStorage function:closePort function:controlAdmission function:deleteEnvVar function:generateNewGitpodToken function:getDefaultWorkspaceImage function:getEnvVars function:getGitpodTokenScopes function:getIDToken function:getLoggedInUser function:getOpenPorts function:getSupportedWorkspaceClasses function:getTeams function:getToken function:getWorkspace function:getWorkspaceEnvVars function:getWorkspaceOwner function:getWorkspaceTimeout function:getWorkspaceUsers function:guessGitTokenScopes function:isWorkspaceOwner function:openPort function:sendHeartBeat function:setEnvVar function:setWorkspaceTimeout function:stopWorkspace function:takeSnapshot function:trackEvent function:updateGitStatus function:waitForSnapshot resource:contentBlob::*::create/get resource:envVar::freeCodeCamp/learn-world-cup-database::create/get/update/delete resource:gitpodToken::*::create resource:snapshot::ws-freecodecam-learnworldc-ecfc3nbsl0p::create resource:token::*::get resource:userStorage::*::create/get/update resource:workspace::freecodecam-learnworldc-ecfc3nbsl0p::get/update resource:workspaceInstance::1a4d402b-64c2-487f-acaf-eef7f3cb24fb::get/update/delete
2024-02-17 19:43:42.750 [info] Got 1 verified sessions.
2024-02-17 19:43:42.750 [info] Got 1 sessions for all scopes...
2024-02-17 19:43:42.750 [info] Got 1 sessions for function:accessCodeSyncStorage...
2024-02-17 19:43:42.834 [info] Getting GitHub sessions for all scopes...
2024-02-17 19:43:42.919 [info] Getting sessions for all scopes...
2024-02-17 19:43:42.919 [info] Got 1 sessions for all scopes...
2024-02-17 19:43:42.982 [info] Got 1 GitHub sessions for all scopes...
2024-02-17 19:43:42.982 [info] Got 1 GitHub sessions for all scopes...
2024-02-17 19:43:43.527 [info] Getting GitHub sessions for all scopes...
2024-02-17 19:43:43.527 [info] Got 1 GitHub sessions for all scopes...
2024-02-17 19:43:43.608 [info] Getting GitHub sessions for read:user,repo,user:email,workflow...
2024-02-17 19:43:43.608 [info] Got 0 GitHub sessions for read:user,repo,user:email,workflow...
2024-02-17 19:43:43.848 [info] Getting GitHub sessions for project,read:org,read:user,repo,user:email,workflow...
2024-02-17 19:43:43.848 [info] Got 0 GitHub sessions for project,read:org,read:user,repo,user:email,workflow...
2024-02-17 19:43:44.211 [info] Getting GitHub sessions for read:user,repo,user:email,workflow...
2024-02-17 19:43:44.211 [info] Got 0 GitHub sessions for read:user,repo,user:email,workflow...
2024-02-17 19:43:44.461 [info] Getting GitHub sessions for read:user,repo,user:email...
2024-02-17 19:43:44.461 [info] Got 0 GitHub sessions for read:user,repo,user:email...
2024-02-17 19:43:44.678 [info] Getting GitHub sessions for read:user,repo,user:email,workflow...
2024-02-17 19:43:44.678 [info] Got 0 GitHub sessions for read:user,repo,user:email,workflow...
