2024-02-20 22:43:04.769 [info] Log level: Info
2024-02-20 22:43:04.769 [info] Validating found git in: "git"
2024-02-20 22:43:04.769 [info] Using git "2.43.0" from "git"
2024-02-20 22:43:04.769 [info] > git rev-parse --show-toplevel [2ms]
2024-02-20 22:43:04.769 [info] > git rev-parse --git-dir --git-common-dir [22ms]
2024-02-20 22:43:04.769 [info] Open repository: /workspace/project
2024-02-20 22:43:04.769 [info] > git config --get commit.template [11ms]
2024-02-20 22:43:04.769 [info] > git rev-parse --show-toplevel [5ms]
2024-02-20 22:43:04.769 [info] > git rev-parse --show-toplevel [3ms]
2024-02-20 22:43:04.769 [info] > git for-each-ref --format=%(refname)%00%(upstream:short)%00%(objectname)%00%(upstream:track)%00%(upstream:remotename)%00%(upstream:remoteref) refs/heads/main refs/remotes/main [12ms]
2024-02-20 22:43:04.769 [warning] ENOENT: no such file or directory, open '/workspace/project/.git/refs/remotes/origin/main'
2024-02-20 22:43:04.769 [info] > git rev-parse refs/remotes/origin/main [129ms]
2024-02-20 22:43:04.769 [info] > git status -z -uall [3ms]
2024-02-20 22:43:04.769 [info] > git config --get commit.template [2ms]
2024-02-20 22:43:04.769 [info] > git for-each-ref --format=%(refname)%00%(upstream:short)%00%(objectname)%00%(upstream:track)%00%(upstream:remotename)%00%(upstream:remoteref) refs/heads/main refs/remotes/main [4ms]
2024-02-20 22:43:04.770 [warning] ENOENT: no such file or directory, open '/workspace/project/.git/refs/remotes/origin/main'
2024-02-20 22:43:04.770 [info] > git rev-parse refs/remotes/origin/main [1ms]
2024-02-20 22:43:04.879 [info] > git status -z -uall [110ms]
2024-02-20 22:43:06.258 [info] > git config --local branch.main.github-pr-owner-number [1ms]
2024-02-20 22:43:06.258 [warning] git config failed: Failed to execute git
2024-02-20 22:43:07.008 [info] > git config --get commit.template [2ms]
2024-02-20 22:43:07.060 [info] > git for-each-ref --format=%(refname)%00%(upstream:short)%00%(objectname)%00%(upstream:track)%00%(upstream:remotename)%00%(upstream:remoteref) refs/heads/main refs/remotes/main [34ms]
2024-02-20 22:43:07.073 [warning] ENOENT: no such file or directory, open '/workspace/project/.git/refs/remotes/origin/main'
2024-02-20 22:43:07.074 [info] > git rev-parse refs/remotes/origin/main [1ms]
2024-02-20 22:43:07.089 [info] > git status -z -uall [2ms]
2024-02-20 22:43:12.114 [info] > git config --get commit.template [8ms]
2024-02-20 22:43:12.114 [info] > git for-each-ref --format=%(refname)%00%(upstream:short)%00%(objectname)%00%(upstream:track)%00%(upstream:remotename)%00%(upstream:remoteref) refs/heads/main refs/remotes/main [1ms]
2024-02-20 22:43:12.120 [warning] ENOENT: no such file or directory, open '/workspace/project/.git/refs/remotes/origin/main'
2024-02-20 22:43:12.121 [info] > git rev-parse refs/remotes/origin/main [1ms]
2024-02-20 22:43:12.129 [info] > git status -z -uall [1ms]
2024-02-20 22:44:18.985 [info] > git config --get commit.template [11ms]
2024-02-20 22:44:18.986 [info] > git for-each-ref --format=%(refname)%00%(upstream:short)%00%(objectname)%00%(upstream:track)%00%(upstream:remotename)%00%(upstream:remoteref) refs/heads/main refs/remotes/main [2ms]
2024-02-20 22:44:18.993 [warning] ENOENT: no such file or directory, open '/workspace/project/.git/refs/remotes/origin/main'
2024-02-20 22:44:18.994 [info] > git rev-parse refs/remotes/origin/main [1ms]
2024-02-20 22:44:19.003 [info] > git status -z -uall [1ms]
2024-02-20 22:44:54.926 [info] > git config --get commit.template [9ms]
2024-02-20 22:44:54.927 [info] > git for-each-ref --format=%(refname)%00%(upstream:short)%00%(objectname)%00%(upstream:track)%00%(upstream:remotename)%00%(upstream:remoteref) refs/heads/main refs/remotes/main [2ms]
2024-02-20 22:44:54.933 [warning] ENOENT: no such file or directory, open '/workspace/project/.git/refs/remotes/origin/main'
2024-02-20 22:44:54.934 [info] > git rev-parse refs/remotes/origin/main [1ms]
2024-02-20 22:44:54.945 [info] > git status -z -uall [2ms]
2024-02-20 22:45:06.516 [info] > git config --get commit.template [7ms]
2024-02-20 22:45:06.517 [info] > git for-each-ref --format=%(refname)%00%(upstream:short)%00%(objectname)%00%(upstream:track)%00%(upstream:remotename)%00%(upstream:remoteref) refs/heads/main refs/remotes/main [1ms]
2024-02-20 22:45:06.523 [warning] ENOENT: no such file or directory, open '/workspace/project/.git/refs/remotes/origin/main'
2024-02-20 22:45:06.524 [info] > git rev-parse refs/remotes/origin/main [1ms]
2024-02-20 22:45:06.531 [info] > git status -z -uall [1ms]
2024-02-20 22:45:11.545 [info] > git config --get commit.template [1ms]
2024-02-20 22:45:11.553 [info] > git for-each-ref --format=%(refname)%00%(upstream:short)%00%(objectname)%00%(upstream:track)%00%(upstream:remotename)%00%(upstream:remoteref) refs/heads/main refs/remotes/main [1ms]
2024-02-20 22:45:11.559 [warning] ENOENT: no such file or directory, open '/workspace/project/.git/refs/remotes/origin/main'
2024-02-20 22:45:11.560 [info] > git rev-parse refs/remotes/origin/main [1ms]
2024-02-20 22:45:11.567 [info] > git status -z -uall [1ms]
2024-02-20 22:45:20.740 [info] > git config --get commit.template [8ms]
2024-02-20 22:45:20.741 [info] > git for-each-ref --format=%(refname)%00%(upstream:short)%00%(objectname)%00%(upstream:track)%00%(upstream:remotename)%00%(upstream:remoteref) refs/heads/main refs/remotes/main [1ms]
2024-02-20 22:45:20.747 [warning] ENOENT: no such file or directory, open '/workspace/project/.git/refs/remotes/origin/main'
2024-02-20 22:45:20.748 [info] > git rev-parse refs/remotes/origin/main [1ms]
2024-02-20 22:45:20.756 [info] > git status -z -uall [2ms]
2024-02-20 22:45:25.788 [info] > git config --get commit.template [12ms]
2024-02-20 22:45:25.789 [info] > git for-each-ref --format=%(refname)%00%(upstream:short)%00%(objectname)%00%(upstream:track)%00%(upstream:remotename)%00%(upstream:remoteref) refs/heads/main refs/remotes/main [2ms]
2024-02-20 22:45:25.798 [warning] ENOENT: no such file or directory, open '/workspace/project/.git/refs/remotes/origin/main'
2024-02-20 22:45:25.799 [info] > git rev-parse refs/remotes/origin/main [1ms]
2024-02-20 22:45:25.811 [info] > git status -z -uall [2ms]
2024-02-20 22:45:30.827 [info] > git config --get commit.template [1ms]
2024-02-20 22:45:30.840 [info] > git for-each-ref --format=%(refname)%00%(upstream:short)%00%(objectname)%00%(upstream:track)%00%(upstream:remotename)%00%(upstream:remoteref) refs/heads/main refs/remotes/main [1ms]
2024-02-20 22:45:30.850 [warning] ENOENT: no such file or directory, open '/workspace/project/.git/refs/remotes/origin/main'
2024-02-20 22:45:30.851 [info] > git rev-parse refs/remotes/origin/main [1ms]
2024-02-20 22:45:30.863 [info] > git status -z -uall [1ms]
2024-02-20 22:46:10.473 [info] > git config --get commit.template [8ms]
2024-02-20 22:46:10.473 [info] > git for-each-ref --format=%(refname)%00%(upstream:short)%00%(objectname)%00%(upstream:track)%00%(upstream:remotename)%00%(upstream:remoteref) refs/heads/main refs/remotes/main [1ms]
2024-02-20 22:46:10.479 [warning] ENOENT: no such file or directory, open '/workspace/project/.git/refs/remotes/origin/main'
2024-02-20 22:46:10.480 [info] > git rev-parse refs/remotes/origin/main [1ms]
2024-02-20 22:46:10.487 [info] > git status -z -uall [1ms]
2024-02-20 22:46:19.982 [info] > git config --get commit.template [10ms]
2024-02-20 22:46:19.983 [info] > git for-each-ref --format=%(refname)%00%(upstream:short)%00%(objectname)%00%(upstream:track)%00%(upstream:remotename)%00%(upstream:remoteref) refs/heads/main refs/remotes/main [2ms]
2024-02-20 22:46:19.990 [warning] ENOENT: no such file or directory, open '/workspace/project/.git/refs/remotes/origin/main'
2024-02-20 22:46:19.990 [info] > git rev-parse refs/remotes/origin/main [1ms]
2024-02-20 22:46:19.998 [info] > git status -z -uall [2ms]
2024-02-20 22:46:25.018 [info] > git config --get commit.template [7ms]
2024-02-20 22:46:25.018 [info] > git for-each-ref --format=%(refname)%00%(upstream:short)%00%(objectname)%00%(upstream:track)%00%(upstream:remotename)%00%(upstream:remoteref) refs/heads/main refs/remotes/main [1ms]
2024-02-20 22:46:25.024 [warning] ENOENT: no such file or directory, open '/workspace/project/.git/refs/remotes/origin/main'
2024-02-20 22:46:25.025 [info] > git rev-parse refs/remotes/origin/main [1ms]
2024-02-20 22:46:25.035 [info] > git status -z -uall [2ms]
2024-02-20 22:46:38.639 [info] > git config --get commit.template [10ms]
2024-02-20 22:46:38.640 [info] > git for-each-ref --format=%(refname)%00%(upstream:short)%00%(objectname)%00%(upstream:track)%00%(upstream:remotename)%00%(upstream:remoteref) refs/heads/main refs/remotes/main [2ms]
2024-02-20 22:46:38.649 [warning] ENOENT: no such file or directory, open '/workspace/project/.git/refs/remotes/origin/main'
2024-02-20 22:46:38.650 [info] > git rev-parse refs/remotes/origin/main [1ms]
2024-02-20 22:46:38.659 [info] > git status -z -uall [2ms]
2024-02-20 22:47:41.662 [info] > git config --get commit.template [7ms]
2024-02-20 22:47:41.663 [info] > git for-each-ref --format=%(refname)%00%(upstream:short)%00%(objectname)%00%(upstream:track)%00%(upstream:remotename)%00%(upstream:remoteref) refs/heads/main refs/remotes/main [1ms]
2024-02-20 22:47:41.668 [warning] ENOENT: no such file or directory, open '/workspace/project/.git/refs/remotes/origin/main'
2024-02-20 22:47:41.669 [info] > git rev-parse refs/remotes/origin/main [1ms]
2024-02-20 22:47:41.678 [info] > git status -z -uall [2ms]
2024-02-20 22:47:50.636 [info] > git config --get commit.template [9ms]
2024-02-20 22:47:50.638 [info] > git for-each-ref --format=%(refname)%00%(upstream:short)%00%(objectname)%00%(upstream:track)%00%(upstream:remotename)%00%(upstream:remoteref) refs/heads/main refs/remotes/main [2ms]
2024-02-20 22:47:50.649 [warning] ENOENT: no such file or directory, open '/workspace/project/.git/refs/remotes/origin/main'
2024-02-20 22:47:50.650 [info] > git rev-parse refs/remotes/origin/main [2ms]
2024-02-20 22:47:50.659 [info] > git status -z -uall [2ms]
2024-02-20 22:47:57.756 [info] > git config --get commit.template [12ms]
2024-02-20 22:47:57.757 [info] > git for-each-ref --format=%(refname)%00%(upstream:short)%00%(objectname)%00%(upstream:track)%00%(upstream:remotename)%00%(upstream:remoteref) refs/heads/main refs/remotes/main [1ms]
2024-02-20 22:47:57.768 [warning] ENOENT: no such file or directory, open '/workspace/project/.git/refs/remotes/origin/main'
2024-02-20 22:47:57.769 [info] > git rev-parse refs/remotes/origin/main [1ms]
2024-02-20 22:47:57.781 [info] > git status -z -uall [1ms]
2024-02-20 22:48:02.802 [info] > git config --get commit.template [8ms]
2024-02-20 22:48:02.803 [info] > git for-each-ref --format=%(refname)%00%(upstream:short)%00%(objectname)%00%(upstream:track)%00%(upstream:remotename)%00%(upstream:remoteref) refs/heads/main refs/remotes/main [2ms]
2024-02-20 22:48:02.809 [warning] ENOENT: no such file or directory, open '/workspace/project/.git/refs/remotes/origin/main'
2024-02-20 22:48:02.810 [info] > git rev-parse refs/remotes/origin/main [1ms]
2024-02-20 22:48:02.825 [info] > git status -z -uall [0ms]
2024-02-20 22:48:06.164 [info] > git config --local branch.main.github-pr-owner-number [1ms]
2024-02-20 22:48:06.164 [warning] git config failed: Failed to execute git
2024-02-20 22:48:12.398 [info] > git config --get commit.template [9ms]
2024-02-20 22:48:12.398 [info] > git for-each-ref --format=%(refname)%00%(upstream:short)%00%(objectname)%00%(upstream:track)%00%(upstream:remotename)%00%(upstream:remoteref) refs/heads/main refs/remotes/main [1ms]
2024-02-20 22:48:12.405 [warning] ENOENT: no such file or directory, open '/workspace/project/.git/refs/remotes/origin/main'
2024-02-20 22:48:12.406 [info] > git rev-parse refs/remotes/origin/main [1ms]
2024-02-20 22:48:12.413 [info] > git status -z -uall [2ms]
2024-02-20 22:48:17.435 [info] > git config --get commit.template [8ms]
2024-02-20 22:48:17.436 [info] > git for-each-ref --format=%(refname)%00%(upstream:short)%00%(objectname)%00%(upstream:track)%00%(upstream:remotename)%00%(upstream:remoteref) refs/heads/main refs/remotes/main [2ms]
2024-02-20 22:48:17.442 [warning] ENOENT: no such file or directory, open '/workspace/project/.git/refs/remotes/origin/main'
2024-02-20 22:48:17.444 [info] > git rev-parse refs/remotes/origin/main [2ms]
2024-02-20 22:48:17.452 [info] > git status -z -uall [2ms]
2024-02-20 22:48:22.473 [info] > git config --get commit.template [7ms]
2024-02-20 22:48:22.474 [info] > git for-each-ref --format=%(refname)%00%(upstream:short)%00%(objectname)%00%(upstream:track)%00%(upstream:remotename)%00%(upstream:remoteref) refs/heads/main refs/remotes/main [1ms]
2024-02-20 22:48:22.480 [warning] ENOENT: no such file or directory, open '/workspace/project/.git/refs/remotes/origin/main'
2024-02-20 22:48:22.481 [info] > git rev-parse refs/remotes/origin/main [1ms]
2024-02-20 22:48:22.493 [info] > git status -z -uall [2ms]
2024-02-20 22:48:27.524 [info] > git config --get commit.template [14ms]
2024-02-20 22:48:27.526 [info] > git for-each-ref --format=%(refname)%00%(upstream:short)%00%(objectname)%00%(upstream:track)%00%(upstream:remotename)%00%(upstream:remoteref) refs/heads/main refs/remotes/main [3ms]
2024-02-20 22:48:27.542 [warning] ENOENT: no such file or directory, open '/workspace/project/.git/refs/remotes/origin/main'
2024-02-20 22:48:27.544 [info] > git rev-parse refs/remotes/origin/main [1ms]
2024-02-20 22:48:27.559 [info] > git status -z -uall [2ms]
2024-02-20 22:48:32.578 [info] > git config --get commit.template [6ms]
2024-02-20 22:48:32.579 [info] > git for-each-ref --format=%(refname)%00%(upstream:short)%00%(objectname)%00%(upstream:track)%00%(upstream:remotename)%00%(upstream:remoteref) refs/heads/main refs/remotes/main [1ms]
2024-02-20 22:48:32.585 [warning] ENOENT: no such file or directory, open '/workspace/project/.git/refs/remotes/origin/main'
2024-02-20 22:48:32.586 [info] > git rev-parse refs/remotes/origin/main [1ms]
2024-02-20 22:48:32.593 [info] > git status -z -uall [1ms]
2024-02-20 22:48:46.826 [info] > git config --get commit.template [14ms]
2024-02-20 22:48:46.827 [info] > git for-each-ref --format=%(refname)%00%(upstream:short)%00%(objectname)%00%(upstream:track)%00%(upstream:remotename)%00%(upstream:remoteref) refs/heads/main refs/remotes/main [2ms]
2024-02-20 22:48:46.840 [warning] ENOENT: no such file or directory, open '/workspace/project/.git/refs/remotes/origin/main'
2024-02-20 22:48:46.841 [info] > git rev-parse refs/remotes/origin/main [1ms]
2024-02-20 22:48:46.853 [info] > git status -z -uall [1ms]
2024-02-20 22:49:26.115 [info] > git config --get commit.template [10ms]
2024-02-20 22:49:26.116 [info] > git for-each-ref --format=%(refname)%00%(upstream:short)%00%(objectname)%00%(upstream:track)%00%(upstream:remotename)%00%(upstream:remoteref) refs/heads/main refs/remotes/main [2ms]
2024-02-20 22:49:26.128 [warning] ENOENT: no such file or directory, open '/workspace/project/.git/refs/remotes/origin/main'
2024-02-20 22:49:26.133 [info] > git rev-parse refs/remotes/origin/main [6ms]
2024-02-20 22:49:26.160 [info] > git status -z -uall [8ms]
2024-02-20 22:49:33.613 [info] > git config --get commit.template [10ms]
2024-02-20 22:49:33.615 [info] > git for-each-ref --format=%(refname)%00%(upstream:short)%00%(objectname)%00%(upstream:track)%00%(upstream:remotename)%00%(upstream:remoteref) refs/heads/main refs/remotes/main [3ms]
2024-02-20 22:49:33.630 [warning] ENOENT: no such file or directory, open '/workspace/project/.git/refs/remotes/origin/main'
2024-02-20 22:49:33.631 [info] > git rev-parse refs/remotes/origin/main [2ms]
2024-02-20 22:49:33.647 [info] > git status -z -uall [3ms]
2024-02-20 22:49:38.672 [info] > git config --get commit.template [11ms]
2024-02-20 22:49:38.673 [info] > git for-each-ref --format=%(refname)%00%(upstream:short)%00%(objectname)%00%(upstream:track)%00%(upstream:remotename)%00%(upstream:remoteref) refs/heads/main refs/remotes/main [2ms]
2024-02-20 22:49:38.682 [warning] ENOENT: no such file or directory, open '/workspace/project/.git/refs/remotes/origin/main'
2024-02-20 22:49:38.684 [info] > git rev-parse refs/remotes/origin/main [2ms]
2024-02-20 22:49:38.696 [info] > git status -z -uall [3ms]
2024-02-20 22:49:45.416 [info] > git config --get commit.template [7ms]
2024-02-20 22:49:45.416 [info] > git for-each-ref --format=%(refname)%00%(upstream:short)%00%(objectname)%00%(upstream:track)%00%(upstream:remotename)%00%(upstream:remoteref) refs/heads/main refs/remotes/main [1ms]
2024-02-20 22:49:45.423 [warning] ENOENT: no such file or directory, open '/workspace/project/.git/refs/remotes/origin/main'
2024-02-20 22:49:45.424 [info] > git rev-parse refs/remotes/origin/main [1ms]
2024-02-20 22:49:45.433 [info] > git status -z -uall [2ms]
2024-02-20 22:49:50.457 [info] > git config --get commit.template [10ms]
2024-02-20 22:49:50.458 [info] > git for-each-ref --format=%(refname)%00%(upstream:short)%00%(objectname)%00%(upstream:track)%00%(upstream:remotename)%00%(upstream:remoteref) refs/heads/main refs/remotes/main [2ms]
2024-02-20 22:49:50.467 [warning] ENOENT: no such file or directory, open '/workspace/project/.git/refs/remotes/origin/main'
2024-02-20 22:49:50.468 [info] > git rev-parse refs/remotes/origin/main [1ms]
2024-02-20 22:49:50.480 [info] > git status -z -uall [1ms]
2024-02-20 22:49:58.962 [info] > git config --get commit.template [11ms]
2024-02-20 22:49:58.963 [info] > git for-each-ref --format=%(refname)%00%(upstream:short)%00%(objectname)%00%(upstream:track)%00%(upstream:remotename)%00%(upstream:remoteref) refs/heads/main refs/remotes/main [2ms]
2024-02-20 22:49:58.976 [warning] ENOENT: no such file or directory, open '/workspace/project/.git/refs/remotes/origin/main'
2024-02-20 22:49:58.978 [info] > git rev-parse refs/remotes/origin/main [2ms]
2024-02-20 22:49:58.990 [info] > git status -z -uall [2ms]
2024-02-20 22:50:06.566 [info] > git config --get commit.template [9ms]
2024-02-20 22:50:06.567 [info] > git for-each-ref --format=%(refname)%00%(upstream:short)%00%(objectname)%00%(upstream:track)%00%(upstream:remotename)%00%(upstream:remoteref) refs/heads/main refs/remotes/main [1ms]
2024-02-20 22:50:06.574 [warning] ENOENT: no such file or directory, open '/workspace/project/.git/refs/remotes/origin/main'
2024-02-20 22:50:06.575 [info] > git rev-parse refs/remotes/origin/main [1ms]
2024-02-20 22:50:06.583 [info] > git status -z -uall [2ms]
2024-02-20 22:50:18.605 [info] > git config --get commit.template [7ms]
2024-02-20 22:50:18.606 [info] > git for-each-ref --format=%(refname)%00%(upstream:short)%00%(objectname)%00%(upstream:track)%00%(upstream:remotename)%00%(upstream:remoteref) refs/heads/main refs/remotes/main [2ms]
2024-02-20 22:50:18.611 [warning] ENOENT: no such file or directory, open '/workspace/project/.git/refs/remotes/origin/main'
2024-02-20 22:50:18.612 [info] > git rev-parse refs/remotes/origin/main [1ms]
2024-02-20 22:50:18.621 [info] > git status -z -uall [2ms]
2024-02-20 22:50:29.222 [info] > git config --get commit.template [13ms]
2024-02-20 22:50:29.223 [info] > git for-each-ref --format=%(refname)%00%(upstream:short)%00%(objectname)%00%(upstream:track)%00%(upstream:remotename)%00%(upstream:remoteref) refs/heads/main refs/remotes/main [2ms]
2024-02-20 22:50:29.235 [warning] ENOENT: no such file or directory, open '/workspace/project/.git/refs/remotes/origin/main'
2024-02-20 22:50:29.237 [info] > git rev-parse refs/remotes/origin/main [2ms]
2024-02-20 22:50:29.249 [info] > git status -z -uall [2ms]
2024-02-20 22:50:34.272 [info] > git config --get commit.template [9ms]
2024-02-20 22:50:34.273 [info] > git for-each-ref --format=%(refname)%00%(upstream:short)%00%(objectname)%00%(upstream:track)%00%(upstream:remotename)%00%(upstream:remoteref) refs/heads/main refs/remotes/main [2ms]
2024-02-20 22:50:34.281 [warning] ENOENT: no such file or directory, open '/workspace/project/.git/refs/remotes/origin/main'
2024-02-20 22:50:34.282 [info] > git rev-parse refs/remotes/origin/main [1ms]
2024-02-20 22:50:34.293 [info] > git status -z -uall [2ms]
2024-02-20 22:50:39.314 [info] > git config --get commit.template [8ms]
2024-02-20 22:50:39.315 [info] > git for-each-ref --format=%(refname)%00%(upstream:short)%00%(objectname)%00%(upstream:track)%00%(upstream:remotename)%00%(upstream:remoteref) refs/heads/main refs/remotes/main [3ms]
2024-02-20 22:50:39.328 [warning] ENOENT: no such file or directory, open '/workspace/project/.git/refs/remotes/origin/main'
2024-02-20 22:50:39.330 [info] > git rev-parse refs/remotes/origin/main [1ms]
2024-02-20 22:50:39.345 [info] > git status -z -uall [1ms]
2024-02-20 22:50:45.107 [info] > git config --get commit.template [7ms]
2024-02-20 22:50:45.108 [info] > git for-each-ref --format=%(refname)%00%(upstream:short)%00%(objectname)%00%(upstream:track)%00%(upstream:remotename)%00%(upstream:remoteref) refs/heads/main refs/remotes/main [1ms]
2024-02-20 22:50:45.116 [warning] ENOENT: no such file or directory, open '/workspace/project/.git/refs/remotes/origin/main'
2024-02-20 22:50:45.117 [info] > git rev-parse refs/remotes/origin/main [1ms]
2024-02-20 22:50:45.130 [info] > git status -z -uall [2ms]
2024-02-20 22:51:25.886 [info] > git config --get commit.template [9ms]
2024-02-20 22:51:25.887 [info] > git for-each-ref --format=%(refname)%00%(upstream:short)%00%(objectname)%00%(upstream:track)%00%(upstream:remotename)%00%(upstream:remoteref) refs/heads/main refs/remotes/main [2ms]
2024-02-20 22:51:25.893 [warning] ENOENT: no such file or directory, open '/workspace/project/.git/refs/remotes/origin/main'
2024-02-20 22:51:25.894 [info] > git rev-parse refs/remotes/origin/main [1ms]
2024-02-20 22:51:25.902 [info] > git status -z -uall [1ms]
2024-02-20 22:51:40.404 [info] > git config --get commit.template [9ms]
2024-02-20 22:51:40.404 [info] > git for-each-ref --format=%(refname)%00%(upstream:short)%00%(objectname)%00%(upstream:track)%00%(upstream:remotename)%00%(upstream:remoteref) refs/heads/main refs/remotes/main [1ms]
2024-02-20 22:51:40.411 [warning] ENOENT: no such file or directory, open '/workspace/project/.git/refs/remotes/origin/main'
2024-02-20 22:51:40.412 [info] > git rev-parse refs/remotes/origin/main [1ms]
2024-02-20 22:51:40.421 [info] > git status -z -uall [2ms]
2024-02-20 22:51:45.441 [info] > git config --get commit.template [7ms]
2024-02-20 22:51:45.442 [info] > git for-each-ref --format=%(refname)%00%(upstream:short)%00%(objectname)%00%(upstream:track)%00%(upstream:remotename)%00%(upstream:remoteref) refs/heads/main refs/remotes/main [1ms]
2024-02-20 22:51:45.448 [warning] ENOENT: no such file or directory, open '/workspace/project/.git/refs/remotes/origin/main'
2024-02-20 22:51:45.449 [info] > git rev-parse refs/remotes/origin/main [1ms]
2024-02-20 22:51:45.456 [info] > git status -z -uall [2ms]
2024-02-20 22:51:50.478 [info] > git config --get commit.template [9ms]
2024-02-20 22:51:50.478 [info] > git for-each-ref --format=%(refname)%00%(upstream:short)%00%(objectname)%00%(upstream:track)%00%(upstream:remotename)%00%(upstream:remoteref) refs/heads/main refs/remotes/main [1ms]
2024-02-20 22:51:50.486 [warning] ENOENT: no such file or directory, open '/workspace/project/.git/refs/remotes/origin/main'
2024-02-20 22:51:50.487 [info] > git rev-parse refs/remotes/origin/main [0ms]
2024-02-20 22:51:50.494 [info] > git status -z -uall [1ms]
2024-02-20 22:52:06.329 [info] > git config --get commit.template [8ms]
2024-02-20 22:52:06.330 [info] > git for-each-ref --format=%(refname)%00%(upstream:short)%00%(objectname)%00%(upstream:track)%00%(upstream:remotename)%00%(upstream:remoteref) refs/heads/main refs/remotes/main [2ms]
2024-02-20 22:52:06.337 [warning] ENOENT: no such file or directory, open '/workspace/project/.git/refs/remotes/origin/main'
2024-02-20 22:52:06.338 [info] > git rev-parse refs/remotes/origin/main [1ms]
2024-02-20 22:52:06.345 [info] > git status -z -uall [2ms]
2024-02-20 22:52:11.534 [info] > git config --get commit.template [7ms]
2024-02-20 22:52:11.535 [info] > git for-each-ref --format=%(refname)%00%(upstream:short)%00%(objectname)%00%(upstream:track)%00%(upstream:remotename)%00%(upstream:remoteref) refs/heads/main refs/remotes/main [1ms]
2024-02-20 22:52:11.540 [warning] ENOENT: no such file or directory, open '/workspace/project/.git/refs/remotes/origin/main'
2024-02-20 22:52:11.541 [info] > git rev-parse refs/remotes/origin/main [1ms]
2024-02-20 22:52:11.548 [info] > git status -z -uall [1ms]
2024-02-20 22:52:16.568 [info] > git config --get commit.template [8ms]
2024-02-20 22:52:16.568 [info] > git for-each-ref --format=%(refname)%00%(upstream:short)%00%(objectname)%00%(upstream:track)%00%(upstream:remotename)%00%(upstream:remoteref) refs/heads/main refs/remotes/main [1ms]
2024-02-20 22:52:16.574 [warning] ENOENT: no such file or directory, open '/workspace/project/.git/refs/remotes/origin/main'
2024-02-20 22:52:16.575 [info] > git rev-parse refs/remotes/origin/main [1ms]
2024-02-20 22:52:16.582 [info] > git status -z -uall [1ms]
2024-02-20 22:52:21.601 [info] > git config --get commit.template [7ms]
2024-02-20 22:52:21.601 [info] > git for-each-ref --format=%(refname)%00%(upstream:short)%00%(objectname)%00%(upstream:track)%00%(upstream:remotename)%00%(upstream:remoteref) refs/heads/main refs/remotes/main [1ms]
2024-02-20 22:52:21.607 [warning] ENOENT: no such file or directory, open '/workspace/project/.git/refs/remotes/origin/main'
2024-02-20 22:52:21.608 [info] > git rev-parse refs/remotes/origin/main [1ms]
2024-02-20 22:52:21.615 [info] > git status -z -uall [2ms]
2024-02-20 22:52:28.257 [info] > git config --get commit.template [7ms]
2024-02-20 22:52:28.258 [info] > git for-each-ref --format=%(refname)%00%(upstream:short)%00%(objectname)%00%(upstream:track)%00%(upstream:remotename)%00%(upstream:remoteref) refs/heads/main refs/remotes/main [2ms]
2024-02-20 22:52:28.264 [warning] ENOENT: no such file or directory, open '/workspace/project/.git/refs/remotes/origin/main'
2024-02-20 22:52:28.264 [info] > git rev-parse refs/remotes/origin/main [1ms]
2024-02-20 22:52:28.274 [info] > git status -z -uall [2ms]
2024-02-20 22:52:33.297 [info] > git config --get commit.template [10ms]
2024-02-20 22:52:33.298 [info] > git for-each-ref --format=%(refname)%00%(upstream:short)%00%(objectname)%00%(upstream:track)%00%(upstream:remotename)%00%(upstream:remoteref) refs/heads/main refs/remotes/main [1ms]
2024-02-20 22:52:33.307 [warning] ENOENT: no such file or directory, open '/workspace/project/.git/refs/remotes/origin/main'
2024-02-20 22:52:33.308 [info] > git rev-parse refs/remotes/origin/main [1ms]
2024-02-20 22:52:33.320 [info] > git status -z -uall [2ms]
2024-02-20 22:52:38.339 [info] > git config --get commit.template [8ms]
2024-02-20 22:52:38.339 [info] > git for-each-ref --format=%(refname)%00%(upstream:short)%00%(objectname)%00%(upstream:track)%00%(upstream:remotename)%00%(upstream:remoteref) refs/heads/main refs/remotes/main [1ms]
2024-02-20 22:52:38.345 [warning] ENOENT: no such file or directory, open '/workspace/project/.git/refs/remotes/origin/main'
2024-02-20 22:52:38.346 [info] > git rev-parse refs/remotes/origin/main [0ms]
2024-02-20 22:52:38.352 [info] > git status -z -uall [1ms]
2024-02-20 22:52:55.117 [info] > git config --get commit.template [8ms]
2024-02-20 22:52:55.118 [info] > git for-each-ref --format=%(refname)%00%(upstream:short)%00%(objectname)%00%(upstream:track)%00%(upstream:remotename)%00%(upstream:remoteref) refs/heads/main refs/remotes/main [2ms]
2024-02-20 22:52:55.123 [warning] ENOENT: no such file or directory, open '/workspace/project/.git/refs/remotes/origin/main'
2024-02-20 22:52:55.124 [info] > git rev-parse refs/remotes/origin/main [1ms]
2024-02-20 22:52:55.132 [info] > git status -z -uall [1ms]
2024-02-20 22:53:03.159 [info] > git config --get commit.template [7ms]
2024-02-20 22:53:03.160 [info] > git for-each-ref --format=%(refname)%00%(upstream:short)%00%(objectname)%00%(upstream:track)%00%(upstream:remotename)%00%(upstream:remoteref) refs/heads/main refs/remotes/main [1ms]
2024-02-20 22:53:03.166 [warning] ENOENT: no such file or directory, open '/workspace/project/.git/refs/remotes/origin/main'
2024-02-20 22:53:03.167 [info] > git rev-parse refs/remotes/origin/main [1ms]
2024-02-20 22:53:03.174 [info] > git status -z -uall [2ms]
2024-02-20 22:53:06.179 [info] > git config --local branch.main.github-pr-owner-number [1ms]
2024-02-20 22:53:06.179 [warning] git config failed: Failed to execute git
2024-02-20 22:53:08.192 [info] > git config --get commit.template [7ms]
2024-02-20 22:53:08.193 [info] > git for-each-ref --format=%(refname)%00%(upstream:short)%00%(objectname)%00%(upstream:track)%00%(upstream:remotename)%00%(upstream:remoteref) refs/heads/main refs/remotes/main [1ms]
2024-02-20 22:53:08.199 [warning] ENOENT: no such file or directory, open '/workspace/project/.git/refs/remotes/origin/main'
2024-02-20 22:53:08.200 [info] > git rev-parse refs/remotes/origin/main [1ms]
2024-02-20 22:53:08.210 [info] > git status -z -uall [2ms]
2024-02-20 22:53:13.230 [info] > git config --get commit.template [7ms]
2024-02-20 22:53:13.230 [info] > git for-each-ref --format=%(refname)%00%(upstream:short)%00%(objectname)%00%(upstream:track)%00%(upstream:remotename)%00%(upstream:remoteref) refs/heads/main refs/remotes/main [1ms]
2024-02-20 22:53:13.236 [warning] ENOENT: no such file or directory, open '/workspace/project/.git/refs/remotes/origin/main'
2024-02-20 22:53:13.237 [info] > git rev-parse refs/remotes/origin/main [1ms]
2024-02-20 22:53:13.244 [info] > git status -z -uall [2ms]
2024-02-20 22:53:18.269 [info] > git config --get commit.template [8ms]
2024-02-20 22:53:18.269 [info] > git for-each-ref --format=%(refname)%00%(upstream:short)%00%(objectname)%00%(upstream:track)%00%(upstream:remotename)%00%(upstream:remoteref) refs/heads/main refs/remotes/main [1ms]
2024-02-20 22:53:18.275 [warning] ENOENT: no such file or directory, open '/workspace/project/.git/refs/remotes/origin/main'
2024-02-20 22:53:18.276 [info] > git rev-parse refs/remotes/origin/main [1ms]
2024-02-20 22:53:18.284 [info] > git status -z -uall [1ms]
2024-02-20 22:53:23.308 [info] > git config --get commit.template [10ms]
2024-02-20 22:53:23.309 [info] > git for-each-ref --format=%(refname)%00%(upstream:short)%00%(objectname)%00%(upstream:track)%00%(upstream:remotename)%00%(upstream:remoteref) refs/heads/main refs/remotes/main [2ms]
2024-02-20 22:53:23.319 [warning] ENOENT: no such file or directory, open '/workspace/project/.git/refs/remotes/origin/main'
2024-02-20 22:53:23.320 [info] > git rev-parse refs/remotes/origin/main [1ms]
2024-02-20 22:53:23.333 [info] > git status -z -uall [1ms]
2024-02-20 22:53:28.736 [info] > git config --get commit.template [8ms]
2024-02-20 22:53:28.737 [info] > git for-each-ref --format=%(refname)%00%(upstream:short)%00%(objectname)%00%(upstream:track)%00%(upstream:remotename)%00%(upstream:remoteref) refs/heads/main refs/remotes/main [2ms]
2024-02-20 22:53:28.743 [warning] ENOENT: no such file or directory, open '/workspace/project/.git/refs/remotes/origin/main'
2024-02-20 22:53:28.744 [info] > git rev-parse refs/remotes/origin/main [1ms]
2024-02-20 22:53:28.751 [info] > git status -z -uall [2ms]
2024-02-20 22:53:33.778 [info] > git config --get commit.template [14ms]
2024-02-20 22:53:33.780 [info] > git for-each-ref --format=%(refname)%00%(upstream:short)%00%(objectname)%00%(upstream:track)%00%(upstream:remotename)%00%(upstream:remoteref) refs/heads/main refs/remotes/main [3ms]
2024-02-20 22:53:33.788 [warning] ENOENT: no such file or directory, open '/workspace/project/.git/refs/remotes/origin/main'
2024-02-20 22:53:33.790 [info] > git rev-parse refs/remotes/origin/main [1ms]
2024-02-20 22:53:33.798 [info] > git status -z -uall [2ms]
2024-02-20 22:53:38.820 [info] > git config --get commit.template [9ms]
2024-02-20 22:53:38.821 [info] > git for-each-ref --format=%(refname)%00%(upstream:short)%00%(objectname)%00%(upstream:track)%00%(upstream:remotename)%00%(upstream:remoteref) refs/heads/main refs/remotes/main [2ms]
2024-02-20 22:53:38.828 [warning] ENOENT: no such file or directory, open '/workspace/project/.git/refs/remotes/origin/main'
2024-02-20 22:53:38.829 [info] > git rev-parse refs/remotes/origin/main [1ms]
2024-02-20 22:53:38.838 [info] > git status -z -uall [1ms]
2024-02-20 22:54:07.380 [info] > git config --get commit.template [7ms]
2024-02-20 22:54:07.380 [info] > git for-each-ref --format=%(refname)%00%(upstream:short)%00%(objectname)%00%(upstream:track)%00%(upstream:remotename)%00%(upstream:remoteref) refs/heads/main refs/remotes/main [1ms]
2024-02-20 22:54:07.386 [warning] ENOENT: no such file or directory, open '/workspace/project/.git/refs/remotes/origin/main'
2024-02-20 22:54:07.386 [info] > git rev-parse refs/remotes/origin/main [0ms]
2024-02-20 22:54:07.394 [info] > git status -z -uall [2ms]
2024-02-20 22:54:39.596 [info] > git config --get commit.template [10ms]
2024-02-20 22:54:39.597 [info] > git for-each-ref --format=%(refname)%00%(upstream:short)%00%(objectname)%00%(upstream:track)%00%(upstream:remotename)%00%(upstream:remoteref) refs/heads/main refs/remotes/main [2ms]
2024-02-20 22:54:39.605 [warning] ENOENT: no such file or directory, open '/workspace/project/.git/refs/remotes/origin/main'
2024-02-20 22:54:39.606 [info] > git rev-parse refs/remotes/origin/main [1ms]
2024-02-20 22:54:39.616 [info] > git status -z -uall [1ms]
2024-02-20 22:54:45.873 [info] > git config --get commit.template [12ms]
2024-02-20 22:54:45.874 [info] > git for-each-ref --format=%(refname)%00%(upstream:short)%00%(objectname)%00%(upstream:track)%00%(upstream:remotename)%00%(upstream:remoteref) refs/heads/main refs/remotes/main [1ms]
2024-02-20 22:54:45.882 [warning] ENOENT: no such file or directory, open '/workspace/project/.git/refs/remotes/origin/main'
2024-02-20 22:54:45.883 [info] > git rev-parse refs/remotes/origin/main [1ms]
2024-02-20 22:54:45.892 [info] > git status -z -uall [1ms]
2024-02-20 22:55:23.822 [info] > git config --get commit.template [8ms]
2024-02-20 22:55:23.823 [info] > git for-each-ref --format=%(refname)%00%(upstream:short)%00%(objectname)%00%(upstream:track)%00%(upstream:remotename)%00%(upstream:remoteref) refs/heads/main refs/remotes/main [1ms]
2024-02-20 22:55:23.833 [warning] ENOENT: no such file or directory, open '/workspace/project/.git/refs/remotes/origin/main'
2024-02-20 22:55:23.834 [info] > git rev-parse refs/remotes/origin/main [1ms]
2024-02-20 22:55:23.845 [info] > git status -z -uall [1ms]
2024-02-20 22:55:28.865 [info] > git config --get commit.template [8ms]
2024-02-20 22:55:28.865 [info] > git for-each-ref --format=%(refname)%00%(upstream:short)%00%(objectname)%00%(upstream:track)%00%(upstream:remotename)%00%(upstream:remoteref) refs/heads/main refs/remotes/main [1ms]
2024-02-20 22:55:28.871 [warning] ENOENT: no such file or directory, open '/workspace/project/.git/refs/remotes/origin/main'
2024-02-20 22:55:28.872 [info] > git rev-parse refs/remotes/origin/main [1ms]
2024-02-20 22:55:28.880 [info] > git status -z -uall [2ms]
2024-02-20 22:58:06.191 [info] > git config --local branch.main.github-pr-owner-number [1ms]
2024-02-20 22:58:06.191 [warning] git config failed: Failed to execute git
2024-02-20 23:03:06.205 [info] > git config --local branch.main.github-pr-owner-number [1ms]
2024-02-20 23:03:06.205 [warning] git config failed: Failed to execute git
2024-02-20 23:08:06.218 [info] > git config --local branch.main.github-pr-owner-number [1ms]
2024-02-20 23:08:06.218 [warning] git config failed: Failed to execute git
2024-02-20 23:13:06.232 [info] > git config --local branch.main.github-pr-owner-number [2ms]
2024-02-20 23:13:06.232 [warning] git config failed: Failed to execute git
2024-02-20 23:18:06.244 [info] > git config --local branch.main.github-pr-owner-number [1ms]
2024-02-20 23:18:06.244 [warning] git config failed: Failed to execute git
2024-02-20 23:23:06.261 [info] > git config --local branch.main.github-pr-owner-number [1ms]
2024-02-20 23:23:06.261 [warning] git config failed: Failed to execute git
2024-02-20 23:28:06.273 [info] > git config --local branch.main.github-pr-owner-number [1ms]
2024-02-20 23:28:06.273 [warning] git config failed: Failed to execute git
2024-02-20 23:33:06.286 [info] > git config --local branch.main.github-pr-owner-number [1ms]
2024-02-20 23:33:06.286 [warning] git config failed: Failed to execute git
2024-02-20 23:38:06.301 [info] > git config --local branch.main.github-pr-owner-number [1ms]
2024-02-20 23:38:06.301 [warning] git config failed: Failed to execute git
2024-02-20 23:43:06.316 [info] > git config --local branch.main.github-pr-owner-number [2ms]
2024-02-20 23:43:06.316 [warning] git config failed: Failed to execute git
