2024-02-17 19:44:00.931 [info] Log level: Info
2024-02-17 19:44:00.939 [info] VSCODE_MACHINE_ID: someValue.machineId
2024-02-17 19:44:00.939 [info] VSCODE_SESSION_ID: someValue.sessionId
2024-02-17 19:44:00.939 [info] VSCODE_VERSION: 1.86.1
2024-02-17 19:44:00.939 [info] VSCODE_APP_NAME: Gitpod Code
2024-02-17 19:44:00.939 [info] VSCODE_APP_HOST: Gitpod
2024-02-17 19:44:00.939 [info] VSCODE_UI_KIND: web
2024-02-17 19:44:00.939 [info] GITPOD_WORKSPACE_CONTEXT_URL: https://github.com/freeCodeCamp/learn-world-cup-database
2024-02-17 19:44:00.939 [info] GITPOD_INSTANCE_ID: 1a4d402b-64c2-487f-acaf-eef7f3cb24fb
2024-02-17 19:44:00.939 [info] GITPOD_WORKSPACE_URL: https://freecodecam-learnworldc-ecfc3nbsl0p.ws-us108.gitpod.io
2024-02-17 19:44:00.946 [info] Gitpod Web 4e069a6
2024-02-17 19:44:00.946 [info] Reading sessions from keychain...
2024-02-17 19:44:01.057 [info] Getting sessions for all scopes...
2024-02-17 19:44:01.057 [info] Getting GitHub sessions for all scopes...
2024-02-17 19:44:01.057 [info] Getting sessions for function:accessCodeSyncStorage...
2024-02-17 19:44:01.057 [info] Got stored sessions!
2024-02-17 19:44:01.057 [info] Verified session with the following scopes: function:accessCodeSyncStorage function:closePort function:controlAdmission function:deleteEnvVar function:generateNewGitpodToken function:getDefaultWorkspaceImage function:getEnvVars function:getGitpodTokenScopes function:getIDToken function:getLoggedInUser function:getOpenPorts function:getSupportedWorkspaceClasses function:getTeams function:getToken function:getWorkspace function:getWorkspaceEnvVars function:getWorkspaceOwner function:getWorkspaceTimeout function:getWorkspaceUsers function:guessGitTokenScopes function:isWorkspaceOwner function:openPort function:sendHeartBeat function:setEnvVar function:setWorkspaceTimeout function:stopWorkspace function:takeSnapshot function:trackEvent function:updateGitStatus function:waitForSnapshot resource:contentBlob::*::create/get resource:envVar::freeCodeCamp/learn-world-cup-database::create/get/update/delete resource:gitpodToken::*::create resource:snapshot::ws-freecodecam-learnworldc-ecfc3nbsl0p::create resource:token::*::get resource:userStorage::*::create/get/update resource:workspace::freecodecam-learnworldc-ecfc3nbsl0p::get/update resource:workspaceInstance::1a4d402b-64c2-487f-acaf-eef7f3cb24fb::get/update/delete
2024-02-17 19:44:01.057 [info] Got 1 verified sessions.
2024-02-17 19:44:01.057 [info] Got 1 sessions for all scopes...
2024-02-17 19:44:01.058 [info] Got 1 sessions for function:accessCodeSyncStorage...
2024-02-17 19:44:01.168 [info] Getting GitHub sessions for all scopes...
2024-02-17 19:44:01.249 [info] Getting sessions for all scopes...
2024-02-17 19:44:01.249 [info] Got 1 sessions for all scopes...
2024-02-17 19:44:01.782 [info] Got 1 GitHub sessions for all scopes...
2024-02-17 19:44:01.782 [info] Got 1 GitHub sessions for all scopes...
2024-02-17 19:44:01.836 [info] Getting GitHub sessions for read:user,repo,user:email,workflow...
2024-02-17 19:44:01.836 [info] Got 0 GitHub sessions for read:user,repo,user:email,workflow...
2024-02-17 19:44:01.863 [info] Getting GitHub sessions for all scopes...
2024-02-17 19:44:01.863 [info] Got 1 GitHub sessions for all scopes...
2024-02-17 19:44:02.054 [info] Getting GitHub sessions for project,read:org,read:user,repo,user:email,workflow...
2024-02-17 19:44:02.054 [info] Got 0 GitHub sessions for project,read:org,read:user,repo,user:email,workflow...
2024-02-17 19:44:02.305 [info] Getting GitHub sessions for read:user,repo,user:email,workflow...
2024-02-17 19:44:02.305 [info] Got 0 GitHub sessions for read:user,repo,user:email,workflow...
2024-02-17 19:44:02.559 [info] Getting GitHub sessions for read:user,repo,user:email...
2024-02-17 19:44:02.559 [info] Got 0 GitHub sessions for read:user,repo,user:email...
2024-02-17 19:44:02.795 [info] Getting GitHub sessions for read:user,repo,user:email,workflow...
2024-02-17 19:44:02.795 [info] Got 0 GitHub sessions for read:user,repo,user:email,workflow...
