2024-02-22 13:18:07.394 [info] Log level: Info
2024-02-22 13:18:07.394 [info] VSCODE_MACHINE_ID: someValue.machineId
2024-02-22 13:18:07.394 [info] VSCODE_SESSION_ID: someValue.sessionId
2024-02-22 13:18:07.394 [info] VSCODE_VERSION: 1.86.2
2024-02-22 13:18:07.394 [info] VSCODE_APP_NAME: Gitpod Code
2024-02-22 13:18:07.394 [info] VSCODE_APP_HOST: Gitpod
2024-02-22 13:18:07.394 [info] VSCODE_UI_KIND: web
2024-02-22 13:18:07.394 [info] GITPOD_WORKSPACE_CONTEXT_URL: https://github.com/freeCodeCamp/learn-world-cup-database
2024-02-22 13:18:07.394 [info] GITPOD_INSTANCE_ID: 1a356547-88a7-417e-8d40-c936d63e4834
2024-02-22 13:18:07.394 [info] GITPOD_WORKSPACE_URL: https://freecodecam-learnworldc-ecfc3nbsl0p.ws-us108.gitpod.io
2024-02-22 13:18:07.394 [info] Gitpod Web 4e069a6
2024-02-22 13:18:07.394 [info] Reading sessions from keychain...
2024-02-22 13:18:07.496 [info] Getting sessions for all scopes...
2024-02-22 13:18:07.496 [info] Getting GitHub sessions for all scopes...
2024-02-22 13:18:07.496 [info] Getting sessions for function:accessCodeSyncStorage...
2024-02-22 13:18:07.497 [info] Got stored sessions!
2024-02-22 13:18:07.497 [info] Verified session with the following scopes: function:accessCodeSyncStorage function:closePort function:controlAdmission function:deleteEnvVar function:generateNewGitpodToken function:getDefaultWorkspaceImage function:getEnvVars function:getGitpodTokenScopes function:getIDToken function:getLoggedInUser function:getOpenPorts function:getSupportedWorkspaceClasses function:getTeams function:getToken function:getWorkspace function:getWorkspaceEnvVars function:getWorkspaceOwner function:getWorkspaceTimeout function:getWorkspaceUsers function:guessGitTokenScopes function:isWorkspaceOwner function:openPort function:sendHeartBeat function:setEnvVar function:setWorkspaceTimeout function:stopWorkspace function:takeSnapshot function:trackEvent function:updateGitStatus function:waitForSnapshot resource:contentBlob::*::create/get resource:envVar::freeCodeCamp/learn-world-cup-database::create/get/update/delete resource:gitpodToken::*::create resource:snapshot::ws-freecodecam-learnworldc-ecfc3nbsl0p::create resource:token::*::get resource:userStorage::*::create/get/update resource:workspace::freecodecam-learnworldc-ecfc3nbsl0p::get/update resource:workspaceInstance::1a356547-88a7-417e-8d40-c936d63e4834::get/update/delete
2024-02-22 13:18:07.497 [info] Got 1 verified sessions.
2024-02-22 13:18:07.497 [info] Got 1 sessions for all scopes...
2024-02-22 13:18:07.497 [info] Got 1 sessions for function:accessCodeSyncStorage...
2024-02-22 13:18:07.589 [info] Getting GitHub sessions for all scopes...
2024-02-22 13:18:07.610 [info] Got 1 GitHub sessions for all scopes...
2024-02-22 13:18:07.610 [info] Got 1 GitHub sessions for all scopes...
2024-02-22 13:18:07.674 [info] Getting sessions for all scopes...
2024-02-22 13:18:07.675 [info] Got 1 sessions for all scopes...
2024-02-22 13:18:07.710 [info] Getting GitHub sessions for all scopes...
2024-02-22 13:18:07.710 [info] Got 1 GitHub sessions for all scopes...
2024-02-22 13:18:08.233 [info] Getting GitHub sessions for read:user,repo,user:email,workflow...
2024-02-22 13:18:08.233 [info] Got 0 GitHub sessions for read:user,repo,user:email,workflow...
2024-02-22 13:18:08.437 [info] Getting GitHub sessions for project,read:org,read:user,repo,user:email,workflow...
2024-02-22 13:18:08.437 [info] Got 0 GitHub sessions for project,read:org,read:user,repo,user:email,workflow...
2024-02-22 13:18:08.685 [info] Getting GitHub sessions for read:user,repo,user:email,workflow...
2024-02-22 13:18:08.685 [info] Got 0 GitHub sessions for read:user,repo,user:email,workflow...
2024-02-22 13:18:08.973 [info] Getting GitHub sessions for read:user,repo,user:email...
2024-02-22 13:18:08.973 [info] Got 0 GitHub sessions for read:user,repo,user:email...
2024-02-22 13:18:09.360 [info] Getting GitHub sessions for read:user,repo,user:email,workflow...
2024-02-22 13:18:09.360 [info] Got 0 GitHub sessions for read:user,repo,user:email,workflow...
