2024-02-20 02:45:56.318 [info] Log level: Info
2024-02-20 02:45:56.318 [info] VSCODE_MACHINE_ID: someValue.machineId
2024-02-20 02:45:56.318 [info] VSCODE_SESSION_ID: someValue.sessionId
2024-02-20 02:45:56.318 [info] VSCODE_VERSION: 1.86.2
2024-02-20 02:45:56.318 [info] VSCODE_APP_NAME: Gitpod Code
2024-02-20 02:45:56.318 [info] VSCODE_APP_HOST: Gitpod
2024-02-20 02:45:56.318 [info] VSCODE_UI_KIND: web
2024-02-20 02:45:56.318 [info] GITPOD_WORKSPACE_CONTEXT_URL: https://github.com/freeCodeCamp/learn-world-cup-database
2024-02-20 02:45:56.318 [info] GITPOD_INSTANCE_ID: 199d8ae6-b632-4b8c-b2b5-317ead195c0e
2024-02-20 02:45:56.318 [info] GITPOD_WORKSPACE_URL: https://freecodecam-learnworldc-ecfc3nbsl0p.ws-us108.gitpod.io
2024-02-20 02:45:56.318 [info] Gitpod Web 4e069a6
2024-02-20 02:45:56.318 [info] Reading sessions from keychain...
2024-02-20 02:45:56.460 [info] Getting sessions for all scopes...
2024-02-20 02:45:56.460 [info] Getting GitHub sessions for all scopes...
2024-02-20 02:45:56.460 [info] Getting sessions for function:accessCodeSyncStorage...
2024-02-20 02:45:56.460 [info] Got stored sessions!
2024-02-20 02:45:56.460 [info] Verified session with the following scopes: function:accessCodeSyncStorage function:closePort function:controlAdmission function:deleteEnvVar function:generateNewGitpodToken function:getDefaultWorkspaceImage function:getEnvVars function:getGitpodTokenScopes function:getIDToken function:getLoggedInUser function:getOpenPorts function:getSupportedWorkspaceClasses function:getTeams function:getToken function:getWorkspace function:getWorkspaceEnvVars function:getWorkspaceOwner function:getWorkspaceTimeout function:getWorkspaceUsers function:guessGitTokenScopes function:isWorkspaceOwner function:openPort function:sendHeartBeat function:setEnvVar function:setWorkspaceTimeout function:stopWorkspace function:takeSnapshot function:trackEvent function:updateGitStatus function:waitForSnapshot resource:contentBlob::*::create/get resource:envVar::freeCodeCamp/learn-world-cup-database::create/get/update/delete resource:gitpodToken::*::create resource:snapshot::ws-freecodecam-learnworldc-ecfc3nbsl0p::create resource:token::*::get resource:userStorage::*::create/get/update resource:workspace::freecodecam-learnworldc-ecfc3nbsl0p::get/update resource:workspaceInstance::199d8ae6-b632-4b8c-b2b5-317ead195c0e::get/update/delete
2024-02-20 02:45:56.461 [info] Got 1 verified sessions.
2024-02-20 02:45:56.461 [info] Got 1 sessions for all scopes...
2024-02-20 02:45:56.461 [info] Got 1 sessions for function:accessCodeSyncStorage...
2024-02-20 02:45:56.675 [info] Getting GitHub sessions for all scopes...
2024-02-20 02:45:56.910 [info] Got 1 GitHub sessions for all scopes...
2024-02-20 02:45:56.910 [info] Got 1 GitHub sessions for all scopes...
2024-02-20 02:45:56.910 [info] Getting sessions for all scopes...
2024-02-20 02:45:56.910 [info] Got 1 sessions for all scopes...
2024-02-20 02:45:57.237 [info] Getting GitHub sessions for all scopes...
2024-02-20 02:45:57.238 [info] Got 1 GitHub sessions for all scopes...
2024-02-20 02:45:57.551 [info] Getting GitHub sessions for read:user,repo,user:email,workflow...
2024-02-20 02:45:57.551 [info] Got 0 GitHub sessions for read:user,repo,user:email,workflow...
2024-02-20 02:45:57.805 [info] Getting GitHub sessions for project,read:org,read:user,repo,user:email,workflow...
2024-02-20 02:45:57.805 [info] Got 0 GitHub sessions for project,read:org,read:user,repo,user:email,workflow...
2024-02-20 02:45:58.084 [info] Getting GitHub sessions for read:user,repo,user:email,workflow...
2024-02-20 02:45:58.084 [info] Got 0 GitHub sessions for read:user,repo,user:email,workflow...
2024-02-20 02:45:58.500 [info] Getting GitHub sessions for read:user,repo,user:email...
2024-02-20 02:45:58.500 [info] Got 0 GitHub sessions for read:user,repo,user:email...
2024-02-20 02:45:58.757 [info] Getting GitHub sessions for read:user,repo,user:email,workflow...
2024-02-20 02:45:58.757 [info] Got 0 GitHub sessions for read:user,repo,user:email,workflow...
